#
# A fatal error has been detected by the Java Runtime Environment:
#
#  SIGSEGV (0xb) at pc=0x00007fde25069cba, pid=3270, tid=0x00007fdde21a2700
#
# JRE version: Java(TM) SE Runtime Environment (8.0_171-b11) (build 1.8.0_171-b11)
# Java VM: Java HotSpot(TM) 64-Bit Server VM (25.171-b11 mixed mode linux-amd64 compressed oops)
# Problematic frame:
# v  ~BufferBlob::jni_fast_GetLongField
#
# Failed to write core dump. Core dumps have been disabled. To enable core dumping, try "ulimit -c unlimited" before starting Java again
#
# If you would like to submit a bug report, please visit:
#   http://bugreport.java.com/bugreport/crash.jsp
# The crash happened outside the Java Virtual Machine in native code.
# See problematic frame for where to report the bug.
#

---------------  T H R E A D  ---------------

Current thread (0x00007fde34389000):  JavaThread "AWT-XAWT" daemon [_thread_in_native, id=3304, stack(0x00007fdde20a2000,0x00007fdde21a3000)]

siginfo: si_signo: 11 (SIGSEGV), si_code: 1 (SEGV_MAPERR), si_addr: 0x0000000000000000

Registers:
RAX=0x00007fde3adde4c0, RBX=0x00007fde343891f8, RCX=0x00007fde3b8462c0, RDX=0x0000000000000042
RSP=0x00007fdde21a17b8, RBP=0x00007fdde21a17e0, RSI=0x0000000000000000, RDI=0x00007fde343891f8
R8 =0x00000000e1a0ca20, R9 =0x0000000000000000, R10=0x0000000000000020, R11=0x00007fde253f0ad8
R12=0x00007fddb002b010, R13=0x0000000000000000, R14=0x00007fdde3d2d820, R15=0x00007fde34389000
RIP=0x00007fde25069cba, EFLAGS=0x0000000000010246, CSGSFS=0x0000000000000033, ERR=0x0000000000000004
  TRAPNO=0x000000000000000e

Top of Stack: (sp=0x00007fdde21a17b8)
0x00007fdde21a17b8:   00007fdde3b0c001 00007fde245fcbd0
0x00007fdde21a17c8:   00007fddb002b010 00007fdde21a1890
0x00007fdde21a17d8:   00007fdde21a1860 0000000000000000
0x00007fdde21a17e8:   00007fdde35ed3c0 00007fde245fcbd0
0x00007fdde21a17f8:   00007fdde21a1820 0000000000000000
0x00007fdde21a1808:   00007fdde35e4f93 00007fdde21a1890
0x00007fdde21a1818:   00007fdde3b0523f 00007fdde21a1870
0x00007fdde21a1828:   00007fde253f0b76 0000000000000000
0x00007fdde21a1838:   00007fde2535fdf6 00007fdde21a1890
0x00007fdde21a1848:   00007fde251168ac 00007fdde21a18f0
0x00007fdde21a1858:   00000000e1c78cd8 00000000e2f58678
0x00007fdde21a1868:   0000000000000001 00007fdde21a18f0
0x00007fdde21a1878:   00007fde25007a90 00007fdde21a18f0
0x00007fdde21a1888:   00007fde25007a90 0000000000000000
0x00007fdde21a1898:   00007fde25007dd0 00007fddd4003040
0x00007fdde21a18a8:   00000000e1db1aa0 00007fdde21a18b0
0x00007fdde21a18b8:   00007fde245bfbcc 00007fdde21a1938
0x00007fdde21a18c8:   00007fde245d9028 0000000000000000
0x00007fdde21a18d8:   00007fde245bfd08 00007fdde21a1890
0x00007fdde21a18e8:   00007fdde21a1930 00007fdde21a1980
0x00007fdde21a18f8:   00007fde250082bd 0000000000000000
0x00007fdde21a1908:   00000000e2c06b98 0000000000000000
0x00007fdde21a1918:   0000000000000000 0000000000000000
0x00007fdde21a1928:   00000000e2f587e0 0000000000000000
0x00007fdde21a1938:   00000000e2f58788 00007fdde21a1940
0x00007fdde21a1948:   00007fde245bfa0d 00007fdde21a1990
0x00007fdde21a1958:   00007fde245d9028 0000000000000000
0x00007fdde21a1968:   00007fde245bfa18 00007fdde21a1930
0x00007fdde21a1978:   00007fdde21a1990 00007fdde21a19d8
0x00007fdde21a1988:   00007fde25008302 00000000e2f58788
0x00007fdde21a1998:   00007fdde21a1998 00007fde2414d53b
0x00007fdde21a19a8:   00007fdde21a19e8 00007fde241d4f88 

Instructions: (pc=0x00007fde25069cba)
0x00007fde25069c9a:   00 00 00 00 00 00 44 8b 15 41 43 db 15 4c 8b ce
0x00007fde25069caa:   41 f6 c2 01 0f 85 2e 00 00 00 4d 33 ca 4d 33 ca
0x00007fde25069cba:   4d 8b 09 4c 8b da 49 c1 eb 02 4b 8b 04 19 49 bb
0x00007fde25069cca:   e8 df e1 3a de 7f 00 00 4c 33 d8 4c 33 d8 45 3b 

Register to memory mapping:

RAX=0x00007fde3adde4c0: <offset 0xf914c0> in /usr/lib/jvm/java-8-oracle/jre/lib/amd64/server/libjvm.so at 0x00007fde39e4d000
RBX=0x00007fde343891f8 is an unknown value
RCX=0x00007fde3b8462c0: <offset 0x2182c0> in /lib/x86_64-linux-gnu/libpthread.so.0 at 0x00007fde3b62e000
RDX=0x0000000000000042 is an unknown value
RSP=0x00007fdde21a17b8 is pointing into the stack for thread: 0x00007fde34389000
RBP=0x00007fdde21a17e0 is pointing into the stack for thread: 0x00007fde34389000
RSI=0x0000000000000000 is an unknown value
RDI=0x00007fde343891f8 is an unknown value
R8 =0x00000000e1a0ca20 is an oop
sun.util.logging.PlatformLogger$Level 
 - klass: 'sun/util/logging/PlatformLogger$Level'
R9 =0x0000000000000000 is an unknown value
R10=0x0000000000000020 is an unknown value
R11=0x00007fde253f0ad8 is at entry_point+24 in (nmethod*)0x00007fde253f0950
R12=0x00007fddb002b010 is an unknown value
R13=0x0000000000000000 is an unknown value
R14=0x00007fdde3d2d820: <offset 0x258820> in /usr/lib/jvm/java-8-oracle/jre/lib/amd64/libawt_xawt.so at 0x00007fdde3ad5000
R15=0x00007fde34389000 is a thread


Stack: [0x00007fdde20a2000,0x00007fdde21a3000],  sp=0x00007fdde21a17b8,  free space=1021k
Native frames: (J=compiled Java code, j=interpreted, Vv=VM code, C=native code)
v  ~BufferBlob::jni_fast_GetLongField
C  [libX11.so.6+0x643c0]  _XimServerDestroy+0x70

Java frames: (J=compiled Java code, j=interpreted, Vv=VM code)
J 1271  sun.awt.X11.XlibWrapper.XFilterEvent(JJ)Z (0 bytes) @ 0x00007fde253f0b04 [0x00007fde253f0ac0+0x44]
j  sun.awt.X11.XToolkit.run(Z)V+300
j  sun.awt.X11.XToolkit.run()V+5
j  java.lang.Thread.run()V+11
v  ~StubRoutines::call_stub

---------------  P R O C E S S  ---------------

Java Threads: ( => current thread )
  0x00007fde00001000 JavaThread "SIGHUP handler" daemon [_thread_blocked, id=5037, stack(0x00007fddc31fb000,0x00007fddc32fc000)]
  0x00007fddb0034000 JavaThread "TimerQueue" daemon [_thread_blocked, id=3317, stack(0x00007fddc32fc000,0x00007fddc33fd000)]
  0x00007fde3400c000 JavaThread "DestroyJavaVM" [_thread_blocked, id=3277, stack(0x00007fde3b94c000,0x00007fde3ba4d000)]
  0x00007fde345cc000 JavaThread "AWT-EventQueue-0" [_thread_blocked, id=3313, stack(0x00007fddc35fd000,0x00007fddc36fe000)]
  0x00007fde345ca000 JavaThread "AWT-Shutdown" [_thread_blocked, id=3312, stack(0x00007fddc36fe000,0x00007fddc37ff000)]
=>0x00007fde34389000 JavaThread "AWT-XAWT" daemon [_thread_in_native, id=3304, stack(0x00007fdde20a2000,0x00007fdde21a3000)]
  0x00007fde3436a000 JavaThread "Java2D Disposer" daemon [_thread_blocked, id=3303, stack(0x00007fdde25b3000,0x00007fdde26b4000)]
  0x00007fde34209800 JavaThread "Service Thread" daemon [_thread_blocked, id=3301, stack(0x00007fde08308000,0x00007fde08409000)]
  0x00007fde34206800 JavaThread "C1 CompilerThread2" daemon [_thread_blocked, id=3300, stack(0x00007fde08409000,0x00007fde0850a000)]
  0x00007fde34204000 JavaThread "C2 CompilerThread1" daemon [_thread_blocked, id=3299, stack(0x00007fde0850a000,0x00007fde0860b000)]
  0x00007fde34202000 JavaThread "C2 CompilerThread0" daemon [_thread_blocked, id=3298, stack(0x00007fde0b823000,0x00007fde0b924000)]
  0x00007fde34200800 JavaThread "Monitor Ctrl-Break" daemon [_thread_in_native, id=3297, stack(0x00007fde0b924000,0x00007fde0ba25000)]
  0x00007fde34180000 JavaThread "Signal Dispatcher" daemon [_thread_in_vm, id=3290, stack(0x00007fde0ba25000,0x00007fde0bb26000)]
  0x00007fde3414d000 JavaThread "Finalizer" daemon [_thread_blocked, id=3286, stack(0x00007fde0bdfe000,0x00007fde0beff000)]
  0x00007fde34148800 JavaThread "Reference Handler" daemon [_thread_blocked, id=3284, stack(0x00007fde0beff000,0x00007fde0c000000)]

Other Threads:
  0x00007fde34141000 VMThread [stack: 0x00007fde10046000,0x00007fde10147000] [id=3283]
  0x00007fde3420e800 WatcherThread [stack: 0x00007fde08207000,0x00007fde08308000] [id=3302]

VM state:not at safepoint (normal execution)

VM Mutex/Monitor currently owned by a thread:  ([mutex/lock_event])
[0x00007fde34008430] Threads_lock - owner thread: 0x00007fde34180000

Heap:
 PSYoungGen      total 27648K, used 4725K [0x00000000e1780000, 0x00000000e3600000, 0x0000000100000000)
  eden space 24064K, 6% used [0x00000000e1780000,0x00000000e18e9040,0x00000000e2f00000)
  from space 3584K, 91% used [0x00000000e2f00000,0x00000000e3234590,0x00000000e3280000)
  to   space 3584K, 0% used [0x00000000e3280000,0x00000000e3280000,0x00000000e3600000)
 ParOldGen       total 62976K, used 16K [0x00000000a4600000, 0x00000000a8380000, 0x00000000e1780000)
  object space 62976K, 0% used [0x00000000a4600000,0x00000000a4604000,0x00000000a8380000)
 Metaspace       used 14358K, capacity 14588K, committed 14976K, reserved 1062912K
  class space    used 1732K, capacity 1818K, committed 1920K, reserved 1048576K

Card table byte_map: [0x00007fde381fd000,0x00007fde384db000] byte_map_base: 0x00007fde37cda000

Marking Bits: (ParMarkBitMap*) 0x00007fde3ae1d280
 Begin Bits: [0x00007fde11230000, 0x00007fde12918000)
 End Bits:   [0x00007fde12918000, 0x00007fde14000000)

Polling page: 0x00007fde3ba6f000

CodeCache: size=245760Kb used=4174Kb max_used=4174Kb free=241585Kb
 bounds [0x00007fde25000000, 0x00007fde25420000, 0x00007fde34000000]
 total_blobs=1851 nmethods=1274 adapters=490
 compilation: enabled

Compilation events (10 events):
Event: 1564.890 Thread 0x00007fde34206800 1268   !   3       java.util.Vector$Itr::next (63 bytes)
Event: 1564.893 Thread 0x00007fde34206800 nmethod 1268 0x00007fde253ee250 code [0x00007fde253ee400, 0x00007fde253eea78]
Event: 1564.893 Thread 0x00007fde34206800 1269       3       java.util.Vector$Itr::checkForComodification (23 bytes)
Event: 1564.893 Thread 0x00007fde34206800 nmethod 1269 0x00007fde253f0cd0 code [0x00007fde253f0e40, 0x00007fde253f1068]
Event: 1583.439 Thread 0x00007fde34206800 1270       3       java.lang.Long::longValue (5 bytes)
Event: 1583.440 Thread 0x00007fde34206800 nmethod 1270 0x00007fde253ede90 code [0x00007fde253edfe0, 0x00007fde253ee130]
Event: 1608.812 Thread 0x00007fde34206800 1272   !   3       sun.awt.X11.XToolkit::dispatchEvent (181 bytes)
Event: 1608.816 Thread 0x00007fde34206800 nmethod 1272 0x00007fde25410090 code [0x00007fde25410500, 0x00007fde25412a78]
Event: 1608.817 Thread 0x00007fde34206800 1273       3       sun.awt.X11.XBaseWindow::dispatchToWindow (44 bytes)
Event: 1608.824 Thread 0x00007fde34206800 nmethod 1273 0x00007fde25414110 code [0x00007fde254143a0, 0x00007fde25415448]

GC Heap History (0 events):
No events

Deoptimization events (10 events):
Event: 0.666 Thread 0x00007fde3400c000 Uncommon trap: reason=class_check action=maybe_recompile pc=0x00007fde25162a9c method=java.lang.String.equals(Ljava/lang/Object;)Z @ 8
Event: 0.668 Thread 0x00007fde3400c000 Uncommon trap: reason=class_check action=maybe_recompile pc=0x00007fde25162a9c method=java.lang.String.equals(Ljava/lang/Object;)Z @ 8
Event: 0.668 Thread 0x00007fde3400c000 Uncommon trap: reason=class_check action=maybe_recompile pc=0x00007fde25162a9c method=java.lang.String.equals(Ljava/lang/Object;)Z @ 8
Event: 0.692 Thread 0x00007fde3400c000 Uncommon trap: reason=unstable_if action=reinterpret pc=0x00007fde25225048 method=java.lang.CharacterData.of(I)Ljava/lang/CharacterData; @ 4
Event: 0.956 Thread 0x00007fde3400c000 Uncommon trap: reason=class_check action=maybe_recompile pc=0x00007fde2527f680 method=java.util.HashMap.putVal(ILjava/lang/Object;Ljava/lang/Object;ZZ)Ljava/lang/Object; @ 253
Event: 0.956 Thread 0x00007fde3400c000 Uncommon trap: reason=class_check action=maybe_recompile pc=0x00007fde2527f720 method=java.util.HashMap.putVal(ILjava/lang/Object;Ljava/lang/Object;ZZ)Ljava/lang/Object; @ 203
Event: 0.957 Thread 0x00007fde3400c000 Uncommon trap: reason=class_check action=maybe_recompile pc=0x00007fde2527f680 method=java.util.HashMap.putVal(ILjava/lang/Object;Ljava/lang/Object;ZZ)Ljava/lang/Object; @ 253
Event: 0.957 Thread 0x00007fde3400c000 Uncommon trap: reason=class_check action=maybe_recompile pc=0x00007fde2527f680 method=java.util.HashMap.putVal(ILjava/lang/Object;Ljava/lang/Object;ZZ)Ljava/lang/Object; @ 253
Event: 0.999 Thread 0x00007fde34389000 Uncommon trap: reason=unstable_if action=reinterpret pc=0x00007fde25211c18 method=java.lang.ThreadLocal.get()Ljava/lang/Object; @ 11
Event: 4.292 Thread 0x00007fde345cc000 Uncommon trap: reason=unstable_if action=reinterpret pc=0x00007fde2537e5b0 method=java.awt.Component.inside(II)Z @ 1

Classes redefined (0 events):
No events

Internal exceptions (10 events):
Event: 0.152 Thread 0x00007fde3400c000 Exception <a 'java/security/PrivilegedActionException'> (0x00000000e1a46cb8) thrown at [/HUDSON/workspace/8-2-build-linux-amd64/jdk8u171/10807/hotspot/src/share/vm/prims/jvm.cpp, line 1435]
Event: 0.152 Thread 0x00007fde3400c000 Exception <a 'java/security/PrivilegedActionException'> (0x00000000e1a49120) thrown at [/HUDSON/workspace/8-2-build-linux-amd64/jdk8u171/10807/hotspot/src/share/vm/prims/jvm.cpp, line 1435]
Event: 0.152 Thread 0x00007fde3400c000 Exception <a 'java/security/PrivilegedActionException'> (0x00000000e1a49330) thrown at [/HUDSON/workspace/8-2-build-linux-amd64/jdk8u171/10807/hotspot/src/share/vm/prims/jvm.cpp, line 1435]
Event: 0.219 Thread 0x00007fde3400c000 Exception <a 'java/lang/NoSuchFieldError': method resolution failed> (0x00000000e1b7e0f0) thrown at [/HUDSON/workspace/8-2-build-linux-amd64/jdk8u171/10807/hotspot/src/share/vm/prims/methodHandles.cpp, line 1167]
Event: 0.223 Thread 0x00007fde3400c000 Exception <a 'java/lang/NoSuchFieldError': method resolution failed> (0x00000000e1b8c368) thrown at [/HUDSON/workspace/8-2-build-linux-amd64/jdk8u171/10807/hotspot/src/share/vm/prims/methodHandles.cpp, line 1167]
Event: 0.254 Thread 0x00007fde3400c000 Exception <a 'java/io/FileNotFoundException'> (0x00000000e1c30988) thrown at [/HUDSON/workspace/8-2-build-linux-amd64/jdk8u171/10807/hotspot/src/share/vm/prims/jni.cpp, line 709]
Event: 0.254 Thread 0x00007fde3400c000 Exception <a 'java/io/FileNotFoundException'> (0x00000000e1c31340) thrown at [/HUDSON/workspace/8-2-build-linux-amd64/jdk8u171/10807/hotspot/src/share/vm/prims/jni.cpp, line 709]
Event: 0.592 Thread 0x00007fde3400c000 Implicit null exception at 0x00007fde251fdd76 to 0x00007fde251fe131
Event: 0.999 Thread 0x00007fde34389000 Implicit null exception at 0x00007fde25211b3c to 0x00007fde25211c01
Event: 1.250 Thread 0x00007fde345cc000 Exception <a 'java/lang/UnsupportedOperationException': > (0x00000000e2dc6c90) thrown at [/HUDSON/workspace/8-2-build-linux-amd64/jdk8u171/10807/hotspot/src/share/vm/prims/jni.cpp, line 735]

Events (10 events):
Event: 13.343 loading class sun/awt/SunToolkit$1
Event: 13.343 loading class sun/awt/SunToolkit$1 done
Event: 13.343 loading class sun/awt/X11/XUnmapEvent
Event: 13.344 loading class sun/awt/X11/XUnmapEvent done
Event: 1547.326 loading class sun/awt/X11/XkbEvent
Event: 1547.341 loading class sun/awt/X11/XkbEvent done
Event: 1547.341 loading class sun/awt/X11/XkbAnyEvent
Event: 1547.389 loading class sun/awt/X11/XkbAnyEvent done
Event: 1610.981 loading class sun/awt/X11/XDestroyWindowEvent
Event: 1611.090 loading class sun/awt/X11/XDestroyWindowEvent done


Dynamic libraries:
00400000-00401000 r-xp 00000000 08:06 1312847                            /usr/lib/jvm/java-8-oracle/bin/java
00600000-00601000 rw-p 00000000 08:06 1312847                            /usr/lib/jvm/java-8-oracle/bin/java
02446000-02467000 rw-p 00000000 00:00 0                                  [heap]
a4600000-a8380000 rw-p 00000000 00:00 0 
a8380000-e1780000 ---p 00000000 00:00 0 
e1780000-e3600000 rw-p 00000000 00:00 0 
e3600000-100000000 ---p 00000000 00:00 0 
100000000-1001e0000 rw-p 00000000 00:00 0 
1001e0000-140000000 ---p 00000000 00:00 0 
7fdda0000000-7fdda0021000 rw-p 00000000 00:00 0 
7fdda0021000-7fdda4000000 ---p 00000000 00:00 0 
7fdda4000000-7fdda4021000 rw-p 00000000 00:00 0 
7fdda4021000-7fdda8000000 ---p 00000000 00:00 0 
7fdda8000000-7fdda8021000 rw-p 00000000 00:00 0 
7fdda8021000-7fddac000000 ---p 00000000 00:00 0 
7fddac000000-7fddac021000 rw-p 00000000 00:00 0 
7fddac021000-7fddb0000000 ---p 00000000 00:00 0 
7fddb0000000-7fddb003e000 rw-p 00000000 00:00 0 
7fddb003e000-7fddb4000000 ---p 00000000 00:00 0 
7fddb4000000-7fddb4022000 rw-p 00000000 00:00 0 
7fddb4022000-7fddb8000000 ---p 00000000 00:00 0 
7fddb8000000-7fddb8021000 rw-p 00000000 00:00 0 
7fddb8021000-7fddbc000000 ---p 00000000 00:00 0 
7fddbc000000-7fddbc022000 rw-p 00000000 00:00 0 
7fddbc022000-7fddc0000000 ---p 00000000 00:00 0 
7fddc2ff9000-7fddc2ffc000 ---p 00000000 00:00 0 
7fddc2ffc000-7fddc30fa000 rw-p 00000000 00:00 0 
7fddc30fa000-7fddc30fd000 ---p 00000000 00:00 0 
7fddc30fd000-7fddc31fb000 rw-p 00000000 00:00 0 
7fddc31fb000-7fddc31fe000 ---p 00000000 00:00 0 
7fddc31fe000-7fddc32fc000 rw-p 00000000 00:00 0 
7fddc32fc000-7fddc32ff000 ---p 00000000 00:00 0 
7fddc32ff000-7fddc34bd000 rw-p 00000000 00:00 0 
7fddc34bd000-7fddc35fd000 ---p 00000000 00:00 0 
7fddc35fd000-7fddc3600000 ---p 00000000 00:00 0 
7fddc3600000-7fddc36fe000 rw-p 00000000 00:00 0 
7fddc36fe000-7fddc3701000 ---p 00000000 00:00 0 
7fddc3701000-7fddc37ff000 rw-p 00000000 00:00 0 
7fddc37ff000-7fddc3800000 ---p 00000000 00:00 0 
7fddc3800000-7fddc4000000 rw-p 00000000 00:00 0 
7fddc4000000-7fddc4022000 rw-p 00000000 00:00 0 
7fddc4022000-7fddc8000000 ---p 00000000 00:00 0 
7fddc8000000-7fddc8021000 rw-p 00000000 00:00 0 
7fddc8021000-7fddcc000000 ---p 00000000 00:00 0 
7fddcc000000-7fddcc021000 rw-p 00000000 00:00 0 
7fddcc021000-7fddd0000000 ---p 00000000 00:00 0 
7fddd008e000-7fddd00ee000 rw-s 00000000 00:05 9240620                    /SYSV00000000 (deleted)
7fddd00ee000-7fddd02ee000 rw-p 00000000 00:00 0 
7fddd02ee000-7fddd0358000 r-xp 00000000 08:06 1448503                    /usr/lib/jvm/java-8-oracle/jre/lib/amd64/libt2k.so
7fddd0358000-7fddd0557000 ---p 0006a000 08:06 1448503                    /usr/lib/jvm/java-8-oracle/jre/lib/amd64/libt2k.so
7fddd0557000-7fddd055e000 rw-p 00069000 08:06 1448503                    /usr/lib/jvm/java-8-oracle/jre/lib/amd64/libt2k.so
7fddd055e000-7fddd076e000 rw-p 00000000 00:00 0 
7fddd076e000-7fddd076f000 ---p 00000000 00:00 0 
7fddd076f000-7fddd0f6f000 rw-p 00000000 00:00 0 
7fddd0f6f000-7fddd0fa5000 r-xp 00000000 08:06 1445591                    /usr/lib/x86_64-linux-gnu/gvfs/libgvfscommon.so
7fddd0fa5000-7fddd11a5000 ---p 00036000 08:06 1445591                    /usr/lib/x86_64-linux-gnu/gvfs/libgvfscommon.so
7fddd11a5000-7fddd11aa000 r--p 00036000 08:06 1445591                    /usr/lib/x86_64-linux-gnu/gvfs/libgvfscommon.so
7fddd11aa000-7fddd11ab000 rw-p 0003b000 08:06 1445591                    /usr/lib/x86_64-linux-gnu/gvfs/libgvfscommon.so
7fddd11ab000-7fddd11db000 r-xp 00000000 08:06 1445035                    /usr/lib/x86_64-linux-gnu/gio/modules/libgvfsdbus.so
7fddd11db000-7fddd13da000 ---p 00030000 08:06 1445035                    /usr/lib/x86_64-linux-gnu/gio/modules/libgvfsdbus.so
7fddd13da000-7fddd13db000 r--p 0002f000 08:06 1445035                    /usr/lib/x86_64-linux-gnu/gio/modules/libgvfsdbus.so
7fddd13db000-7fddd13dc000 rw-p 00030000 08:06 1445035                    /usr/lib/x86_64-linux-gnu/gio/modules/libgvfsdbus.so
7fddd13dc000-7fddd13dd000 rw-p 00000000 00:00 0 
7fddd13dd000-7fddd1443000 r-xp 00000000 08:06 1188927                    /usr/lib/x86_64-linux-gnu/libibus-1.0.so.5.0.511
7fddd1443000-7fddd1642000 ---p 00066000 08:06 1188927                    /usr/lib/x86_64-linux-gnu/libibus-1.0.so.5.0.511
7fddd1642000-7fddd1644000 r--p 00065000 08:06 1188927                    /usr/lib/x86_64-linux-gnu/libibus-1.0.so.5.0.511
7fddd1644000-7fddd1645000 rw-p 00067000 08:06 1188927                    /usr/lib/x86_64-linux-gnu/libibus-1.0.so.5.0.511
7fddd1645000-7fddd1646000 rw-p 00000000 00:00 0 
7fddd165e000-7fddd1664000 rw-s 00000000 00:05 9273389                    /SYSV00000000 (deleted)
7fddd1664000-7fddd166a000 r-xp 00000000 08:06 1445231                    /usr/lib/x86_64-linux-gnu/gtk-2.0/2.10.0/immodules/im-ibus.so
7fddd166a000-7fddd186a000 ---p 00006000 08:06 1445231                    /usr/lib/x86_64-linux-gnu/gtk-2.0/2.10.0/immodules/im-ibus.so
7fddd186a000-7fddd186b000 r--p 00006000 08:06 1445231                    /usr/lib/x86_64-linux-gnu/gtk-2.0/2.10.0/immodules/im-ibus.so
7fddd186b000-7fddd186c000 rw-p 00007000 08:06 1445231                    /usr/lib/x86_64-linux-gnu/gtk-2.0/2.10.0/immodules/im-ibus.so
7fddd186c000-7fddd18c0000 r--p 00000000 08:06 2100214                    /usr/share/fonts/truetype/dejavu/DejaVuSansMono.ttf
7fddd18c0000-7fddd1917000 r--p 00000000 08:06 2100346                    /usr/share/fonts/truetype/ubuntu-font-family/Ubuntu-R.ttf
7fddd1983000-7fddd1994000 r-xp 00000000 08:06 1448538                    /usr/lib/jvm/java-8-oracle/jre/lib/amd64/libnio.so
7fddd1994000-7fddd1b93000 ---p 00011000 08:06 1448538                    /usr/lib/jvm/java-8-oracle/jre/lib/amd64/libnio.so
7fddd1b93000-7fddd1b94000 rw-p 00010000 08:06 1448538                    /usr/lib/jvm/java-8-oracle/jre/lib/amd64/libnio.so
7fddd1b94000-7fddd1b95000 ---p 00000000 00:00 0 
7fddd1b95000-7fddd2395000 rw-p 00000000 00:00 0 
7fddd2395000-7fddd2396000 ---p 00000000 00:00 0 
7fddd2396000-7fddd2b96000 rw-p 00000000 00:00 0 
7fddd2b96000-7fddd2b97000 ---p 00000000 00:00 0 
7fddd2b97000-7fddd3397000 rw-p 00000000 00:00 0 
7fddd3397000-7fddd33a2000 r-xp 00000000 08:06 1445030                    /usr/lib/x86_64-linux-gnu/gio/modules/libdconfsettings.so
7fddd33a2000-7fddd35a2000 ---p 0000b000 08:06 1445030                    /usr/lib/x86_64-linux-gnu/gio/modules/libdconfsettings.so
7fddd35a2000-7fddd35a3000 r--p 0000b000 08:06 1445030                    /usr/lib/x86_64-linux-gnu/gio/modules/libdconfsettings.so
7fddd35a3000-7fddd35a4000 rw-p 0000c000 08:06 1445030                    /usr/lib/x86_64-linux-gnu/gio/modules/libdconfsettings.so
7fddd35a4000-7fddd35ab000 r-xp 00000000 08:06 1189164                    /usr/lib/x86_64-linux-gnu/libogg.so.0.8.2
7fddd35ab000-7fddd37ab000 ---p 00007000 08:06 1189164                    /usr/lib/x86_64-linux-gnu/libogg.so.0.8.2
7fddd37ab000-7fddd37ac000 r--p 00007000 08:06 1189164                    /usr/lib/x86_64-linux-gnu/libogg.so.0.8.2
7fddd37ac000-7fddd37ad000 rw-p 00008000 08:06 1189164                    /usr/lib/x86_64-linux-gnu/libogg.so.0.8.2
7fddd37ad000-7fddd37d7000 r-xp 00000000 08:06 1184364                    /usr/lib/x86_64-linux-gnu/libvorbis.so.0.4.8
7fddd37d7000-7fddd39d6000 ---p 0002a000 08:06 1184364                    /usr/lib/x86_64-linux-gnu/libvorbis.so.0.4.8
7fddd39d6000-7fddd39d7000 r--p 00029000 08:06 1184364                    /usr/lib/x86_64-linux-gnu/libvorbis.so.0.4.8
7fddd39d7000-7fddd39d8000 rw-p 0002a000 08:06 1184364                    /usr/lib/x86_64-linux-gnu/libvorbis.so.0.4.8
7fddd39d8000-7fddd39e1000 r-xp 00000000 08:06 1189031                    /usr/lib/x86_64-linux-gnu/libltdl.so.7.3.1
7fddd39e1000-7fddd3be0000 ---p 00009000 08:06 1189031                    /usr/lib/x86_64-linux-gnu/libltdl.so.7.3.1
7fddd3be0000-7fddd3be1000 r--p 00008000 08:06 1189031                    /usr/lib/x86_64-linux-gnu/libltdl.so.7.3.1
7fddd3be1000-7fddd3be2000 rw-p 00009000 08:06 1189031                    /usr/lib/x86_64-linux-gnu/libltdl.so.7.3.1
7fddd3be2000-7fddd3bf6000 r-xp 00000000 08:06 1189406                    /usr/lib/x86_64-linux-gnu/libtdb.so.1.3.8
7fddd3bf6000-7fddd3df5000 ---p 00014000 08:06 1189406                    /usr/lib/x86_64-linux-gnu/libtdb.so.1.3.8
7fddd3df5000-7fddd3df6000 r--p 00013000 08:06 1189406                    /usr/lib/x86_64-linux-gnu/libtdb.so.1.3.8
7fddd3df6000-7fddd3df7000 rw-p 00014000 08:06 1189406                    /usr/lib/x86_64-linux-gnu/libtdb.so.1.3.8
7fddd3df7000-7fddd3dfe000 r-xp 00000000 08:06 1179963                    /usr/lib/x86_64-linux-gnu/libvorbisfile.so.3.3.7
7fddd3dfe000-7fddd3ffe000 ---p 00007000 08:06 1179963                    /usr/lib/x86_64-linux-gnu/libvorbisfile.so.3.3.7
7fddd3ffe000-7fddd3fff000 r--p 00007000 08:06 1179963                    /usr/lib/x86_64-linux-gnu/libvorbisfile.so.3.3.7
7fddd3fff000-7fddd4000000 rw-p 00008000 08:06 1179963                    /usr/lib/x86_64-linux-gnu/libvorbisfile.so.3.3.7
7fddd4000000-7fddd402e000 rw-p 00000000 00:00 0 
7fddd402e000-7fddd8000000 ---p 00000000 00:00 0 
7fddd800b000-7fddd800e000 ---p 00000000 00:00 0 
7fddd800e000-7fddd810c000 rw-p 00000000 00:00 0 
7fddd810c000-7fddd811c000 r-xp 00000000 08:06 1188428                    /usr/lib/x86_64-linux-gnu/libcanberra.so.0.2.5
7fddd811c000-7fddd831b000 ---p 00010000 08:06 1188428                    /usr/lib/x86_64-linux-gnu/libcanberra.so.0.2.5
7fddd831b000-7fddd831c000 r--p 0000f000 08:06 1188428                    /usr/lib/x86_64-linux-gnu/libcanberra.so.0.2.5
7fddd831c000-7fddd831d000 rw-p 00010000 08:06 1188428                    /usr/lib/x86_64-linux-gnu/libcanberra.so.0.2.5
7fddd831d000-7fddd8321000 r-xp 00000000 08:06 1188424                    /usr/lib/x86_64-linux-gnu/libcanberra-gtk.so.0.1.9
7fddd8321000-7fddd8520000 ---p 00004000 08:06 1188424                    /usr/lib/x86_64-linux-gnu/libcanberra-gtk.so.0.1.9
7fddd8520000-7fddd8521000 r--p 00003000 08:06 1188424                    /usr/lib/x86_64-linux-gnu/libcanberra-gtk.so.0.1.9
7fddd8521000-7fddd8522000 rw-p 00004000 08:06 1188424                    /usr/lib/x86_64-linux-gnu/libcanberra-gtk.so.0.1.9
7fddd8522000-7fddd8527000 r-xp 00000000 08:06 1445245                    /usr/lib/x86_64-linux-gnu/gtk-2.0/modules/libcanberra-gtk-module.so
7fddd8527000-7fddd8726000 ---p 00005000 08:06 1445245                    /usr/lib/x86_64-linux-gnu/gtk-2.0/modules/libcanberra-gtk-module.so
7fddd8726000-7fddd8727000 r--p 00004000 08:06 1445245                    /usr/lib/x86_64-linux-gnu/gtk-2.0/modules/libcanberra-gtk-module.so
7fddd8727000-7fddd8728000 rw-p 00005000 08:06 1445245                    /usr/lib/x86_64-linux-gnu/gtk-2.0/modules/libcanberra-gtk-module.so
7fddd8728000-7fddd8757000 r-xp 00000000 08:06 1445227                    /usr/lib/x86_64-linux-gnu/gtk-2.0/2.10.0/engines/libmurrine.so
7fddd8757000-7fddd8957000 ---p 0002f000 08:06 1445227                    /usr/lib/x86_64-linux-gnu/gtk-2.0/2.10.0/engines/libmurrine.so
7fddd8957000-7fddd8958000 r--p 0002f000 08:06 1445227                    /usr/lib/x86_64-linux-gnu/gtk-2.0/2.10.0/engines/libmurrine.so
7fddd8958000-7fddd8959000 rw-p 00030000 08:06 1445227                    /usr/lib/x86_64-linux-gnu/gtk-2.0/2.10.0/engines/libmurrine.so
7fddd8959000-7fddd8969000 r-xp 00000000 08:06 1189462                    /usr/lib/x86_64-linux-gnu/libunity-gtk2-parser.so.0.0.0
7fddd8969000-7fddd8b69000 ---p 00010000 08:06 1189462                    /usr/lib/x86_64-linux-gnu/libunity-gtk2-parser.so.0.0.0
7fddd8b69000-7fddd8b6a000 r--p 00010000 08:06 1189462                    /usr/lib/x86_64-linux-gnu/libunity-gtk2-parser.so.0.0.0
7fddd8b6a000-7fddd8b6b000 rw-p 00011000 08:06 1189462                    /usr/lib/x86_64-linux-gnu/libunity-gtk2-parser.so.0.0.0
7fddd8b6b000-7fddd8b70000 r-xp 00000000 08:06 1445249                    /usr/lib/x86_64-linux-gnu/gtk-2.0/modules/libunity-gtk-module.so
7fddd8b70000-7fddd8d6f000 ---p 00005000 08:06 1445249                    /usr/lib/x86_64-linux-gnu/gtk-2.0/modules/libunity-gtk-module.so
7fddd8d6f000-7fddd8d70000 r--p 00004000 08:06 1445249                    /usr/lib/x86_64-linux-gnu/gtk-2.0/modules/libunity-gtk-module.so
7fddd8d70000-7fddd8d71000 rw-p 00005000 08:06 1445249                    /usr/lib/x86_64-linux-gnu/gtk-2.0/modules/libunity-gtk-module.so
7fddd8d71000-7fddd8d82000 r-xp 00000000 08:06 1445248                    /usr/lib/x86_64-linux-gnu/gtk-2.0/modules/liboverlay-scrollbar.so
7fddd8d82000-7fddd8f82000 ---p 00011000 08:06 1445248                    /usr/lib/x86_64-linux-gnu/gtk-2.0/modules/liboverlay-scrollbar.so
7fddd8f82000-7fddd8f83000 r--p 00011000 08:06 1445248                    /usr/lib/x86_64-linux-gnu/gtk-2.0/modules/liboverlay-scrollbar.so
7fddd8f83000-7fddd8f84000 rw-p 00012000 08:06 1445248                    /usr/lib/x86_64-linux-gnu/gtk-2.0/modules/liboverlay-scrollbar.so
7fddd8f84000-7fddd8f85000 r-xp 00000000 08:06 1180066                    /usr/lib/x86_64-linux-gnu/libgthread-2.0.so.0.4800.2
7fddd8f85000-7fddd9184000 ---p 00001000 08:06 1180066                    /usr/lib/x86_64-linux-gnu/libgthread-2.0.so.0.4800.2
7fddd9184000-7fddd9185000 r--p 00000000 08:06 1180066                    /usr/lib/x86_64-linux-gnu/libgthread-2.0.so.0.4800.2
7fddd9185000-7fddd9186000 rw-p 00001000 08:06 1180066                    /usr/lib/x86_64-linux-gnu/libgthread-2.0.so.0.4800.2
7fddd9186000-7fddd918c000 r-xp 00000000 08:06 1188511                    /usr/lib/x86_64-linux-gnu/libdatrie.so.1.3.3
7fddd918c000-7fddd938c000 ---p 00006000 08:06 1188511                    /usr/lib/x86_64-linux-gnu/libdatrie.so.1.3.3
7fddd938c000-7fddd938d000 r--p 00006000 08:06 1188511                    /usr/lib/x86_64-linux-gnu/libdatrie.so.1.3.3
7fddd938d000-7fddd938e000 rw-p 00007000 08:06 1188511                    /usr/lib/x86_64-linux-gnu/libdatrie.so.1.3.3
7fddd938e000-7fddd93b2000 r-xp 00000000 08:06 1185367                    /usr/lib/x86_64-linux-gnu/libgraphite2.so.3.0.1
7fddd93b2000-7fddd95b1000 ---p 00024000 08:06 1185367                    /usr/lib/x86_64-linux-gnu/libgraphite2.so.3.0.1
7fddd95b1000-7fddd95b3000 r--p 00023000 08:06 1185367                    /usr/lib/x86_64-linux-gnu/libgraphite2.so.3.0.1
7fddd95b3000-7fddd95b4000 rw-p 00025000 08:06 1185367                    /usr/lib/x86_64-linux-gnu/libgraphite2.so.3.0.1
7fddd95b4000-7fddd95da000 r-xp 00000000 08:06 3412533                    /lib/x86_64-linux-gnu/libexpat.so.1.6.0
7fddd95da000-7fddd97da000 ---p 00026000 08:06 3412533                    /lib/x86_64-linux-gnu/libexpat.so.1.6.0
7fddd97da000-7fddd97dc000 r--p 00026000 08:06 3412533                    /lib/x86_64-linux-gnu/libexpat.so.1.6.0
7fddd97dc000-7fddd97dd000 rw-p 00028000 08:06 3412533                    /lib/x86_64-linux-gnu/libexpat.so.1.6.0
7fddd97dd000-7fddd984b000 r-xp 00000000 08:06 3412753                    /lib/x86_64-linux-gnu/libpcre.so.3.13.2
7fddd984b000-7fddd9a4b000 ---p 0006e000 08:06 3412753                    /lib/x86_64-linux-gnu/libpcre.so.3.13.2
7fddd9a4b000-7fddd9a4c000 r--p 0006e000 08:06 3412753                    /lib/x86_64-linux-gnu/libpcre.so.3.13.2
7fddd9a4c000-7fddd9a4d000 rw-p 0006f000 08:06 3412753                    /lib/x86_64-linux-gnu/libpcre.so.3.13.2
7fddd9a4d000-7fddd9a54000 r-xp 00000000 08:06 1188640                    /usr/lib/x86_64-linux-gnu/libffi.so.6.0.4
7fddd9a54000-7fddd9c53000 ---p 00007000 08:06 1188640                    /usr/lib/x86_64-linux-gnu/libffi.so.6.0.4
7fddd9c53000-7fddd9c54000 r--p 00006000 08:06 1188640                    /usr/lib/x86_64-linux-gnu/libffi.so.6.0.4
7fddd9c54000-7fddd9c55000 rw-p 00007000 08:06 1188640                    /usr/lib/x86_64-linux-gnu/libffi.so.6.0.4
7fddd9c55000-7fddd9c5d000 r-xp 00000000 08:06 1189414                    /usr/lib/x86_64-linux-gnu/libthai.so.0.2.4
7fddd9c5d000-7fddd9e5c000 ---p 00008000 08:06 1189414                    /usr/lib/x86_64-linux-gnu/libthai.so.0.2.4
7fddd9e5c000-7fddd9e5d000 r--p 00007000 08:06 1189414                    /usr/lib/x86_64-linux-gnu/libthai.so.0.2.4
7fddd9e5d000-7fddd9e5e000 rw-p 00008000 08:06 1189414                    /usr/lib/x86_64-linux-gnu/libthai.so.0.2.4
7fddd9e5e000-7fddd9eba000 r-xp 00000000 08:06 1185374                    /usr/lib/x86_64-linux-gnu/libharfbuzz.so.0.10000.1
7fddd9eba000-7fddda0ba000 ---p 0005c000 08:06 1185374                    /usr/lib/x86_64-linux-gnu/libharfbuzz.so.0.10000.1
7fddda0ba000-7fddda0bb000 r--p 0005c000 08:06 1185374                    /usr/lib/x86_64-linux-gnu/libharfbuzz.so.0.10000.1
7fddda0bb000-7fddda0bc000 rw-p 0005d000 08:06 1185374                    /usr/lib/x86_64-linux-gnu/libharfbuzz.so.0.10000.1
7fddda0bc000-7fddda0d3000 r-xp 00000000 08:06 3407963                    /lib/x86_64-linux-gnu/libresolv-2.23.so
7fddda0d3000-7fddda2d3000 ---p 00017000 08:06 3407963                    /lib/x86_64-linux-gnu/libresolv-2.23.so
7fddda2d3000-7fddda2d4000 r--p 00017000 08:06 3407963                    /lib/x86_64-linux-gnu/libresolv-2.23.so
7fddda2d4000-7fddda2d5000 rw-p 00018000 08:06 3407963                    /lib/x86_64-linux-gnu/libresolv-2.23.so
7fddda2d5000-7fddda2d7000 rw-p 00000000 00:00 0 
7fddda2d7000-7fddda2f6000 r-xp 00000000 08:06 3412782                    /lib/x86_64-linux-gnu/libselinux.so.1
7fddda2f6000-7fddda4f5000 ---p 0001f000 08:06 3412782                    /lib/x86_64-linux-gnu/libselinux.so.1
7fddda4f5000-7fddda4f6000 r--p 0001e000 08:06 3412782                    /lib/x86_64-linux-gnu/libselinux.so.1
7fddda4f6000-7fddda4f7000 rw-p 0001f000 08:06 3412782                    /lib/x86_64-linux-gnu/libselinux.so.1
7fddda4f7000-7fddda4f9000 rw-p 00000000 00:00 0 
7fddda4f9000-7fddda512000 r-xp 00000000 08:06 3407877                    /lib/x86_64-linux-gnu/libz.so.1.2.8
7fddda512000-7fddda711000 ---p 00019000 08:06 3407877                    /lib/x86_64-linux-gnu/libz.so.1.2.8
7fddda711000-7fddda712000 r--p 00018000 08:06 3407877                    /lib/x86_64-linux-gnu/libz.so.1.2.8
7fddda712000-7fddda713000 rw-p 00019000 08:06 3407877                    /lib/x86_64-linux-gnu/libz.so.1.2.8
7fddda713000-7fddda71b000 r-xp 00000000 08:06 1189622                    /usr/lib/x86_64-linux-gnu/libxcb-render.so.0.0.0
7fddda71b000-7fddda91b000 ---p 00008000 08:06 1189622                    /usr/lib/x86_64-linux-gnu/libxcb-render.so.0.0.0
7fddda91b000-7fddda91c000 r--p 00008000 08:06 1189622                    /usr/lib/x86_64-linux-gnu/libxcb-render.so.0.0.0
7fddda91c000-7fddda91d000 rw-p 00009000 08:06 1189622                    /usr/lib/x86_64-linux-gnu/libxcb-render.so.0.0.0
7fddda91d000-7fddda91f000 r-xp 00000000 08:06 1189626                    /usr/lib/x86_64-linux-gnu/libxcb-shm.so.0.0.0
7fddda91f000-7fdddab1f000 ---p 00002000 08:06 1189626                    /usr/lib/x86_64-linux-gnu/libxcb-shm.so.0.0.0
7fdddab1f000-7fdddab20000 r--p 00002000 08:06 1189626                    /usr/lib/x86_64-linux-gnu/libxcb-shm.so.0.0.0
7fdddab20000-7fdddab21000 rw-p 00003000 08:06 1189626                    /usr/lib/x86_64-linux-gnu/libxcb-shm.so.0.0.0
7fdddab21000-7fdddab45000 r-xp 00000000 08:06 3412547                    /lib/x86_64-linux-gnu/libpng12.so.0.54.0
7fdddab45000-7fdddad44000 ---p 00024000 08:06 3412547                    /lib/x86_64-linux-gnu/libpng12.so.0.54.0
7fdddad44000-7fdddad45000 r--p 00023000 08:06 3412547                    /lib/x86_64-linux-gnu/libpng12.so.0.54.0
7fdddad45000-7fdddad46000 rw-p 00024000 08:06 3412547                    /lib/x86_64-linux-gnu/libpng12.so.0.54.0
7fdddad46000-7fdddade5000 r-xp 00000000 08:06 1189219                    /usr/lib/x86_64-linux-gnu/libpixman-1.so.0.33.6
7fdddade5000-7fdddafe5000 ---p 0009f000 08:06 1189219                    /usr/lib/x86_64-linux-gnu/libpixman-1.so.0.33.6
7fdddafe5000-7fdddafed000 r--p 0009f000 08:06 1189219                    /usr/lib/x86_64-linux-gnu/libpixman-1.so.0.33.6
7fdddafed000-7fdddafee000 rw-p 000a7000 08:06 1189219                    /usr/lib/x86_64-linux-gnu/libpixman-1.so.0.33.6
7fdddafee000-7fdddb092000 r-xp 00000000 08:06 1180677                    /usr/lib/x86_64-linux-gnu/libfreetype.so.6.12.1
7fdddb092000-7fdddb291000 ---p 000a4000 08:06 1180677                    /usr/lib/x86_64-linux-gnu/libfreetype.so.6.12.1
7fdddb291000-7fdddb297000 r--p 000a3000 08:06 1180677                    /usr/lib/x86_64-linux-gnu/libfreetype.so.6.12.1
7fdddb297000-7fdddb298000 rw-p 000a9000 08:06 1180677                    /usr/lib/x86_64-linux-gnu/libfreetype.so.6.12.1
7fdddb298000-7fdddb29a000 r-xp 00000000 08:06 1188267                    /usr/lib/x86_64-linux-gnu/libXdamage.so.1.1.0
7fdddb29a000-7fdddb499000 ---p 00002000 08:06 1188267                    /usr/lib/x86_64-linux-gnu/libXdamage.so.1.1.0
7fdddb499000-7fdddb49a000 r--p 00001000 08:06 1188267                    /usr/lib/x86_64-linux-gnu/libXdamage.so.1.1.0
7fdddb49a000-7fdddb49b000 rw-p 00002000 08:06 1188267                    /usr/lib/x86_64-linux-gnu/libXdamage.so.1.1.0
7fdddb49b000-7fdddb49d000 r-xp 00000000 08:06 1188263                    /usr/lib/x86_64-linux-gnu/libXcomposite.so.1.0.0
7fdddb49d000-7fdddb69c000 ---p 00002000 08:06 1188263                    /usr/lib/x86_64-linux-gnu/libXcomposite.so.1.0.0
7fdddb69c000-7fdddb69d000 r--p 00001000 08:06 1188263                    /usr/lib/x86_64-linux-gnu/libXcomposite.so.1.0.0
7fdddb69d000-7fdddb69e000 rw-p 00002000 08:06 1188263                    /usr/lib/x86_64-linux-gnu/libXcomposite.so.1.0.0
7fdddb69e000-7fdddb6a8000 r-xp 00000000 08:06 1188289                    /usr/lib/x86_64-linux-gnu/libXrandr.so.2.2.0
7fdddb6a8000-7fdddb8a7000 ---p 0000a000 08:06 1188289                    /usr/lib/x86_64-linux-gnu/libXrandr.so.2.2.0
7fdddb8a7000-7fdddb8a8000 r--p 00009000 08:06 1188289                    /usr/lib/x86_64-linux-gnu/libXrandr.so.2.2.0
7fdddb8a8000-7fdddb8a9000 rw-p 0000a000 08:06 1188289                    /usr/lib/x86_64-linux-gnu/libXrandr.so.2.2.0
7fdddb8a9000-7fdddb8ab000 r-xp 00000000 08:06 1188281                    /usr/lib/x86_64-linux-gnu/libXinerama.so.1.0.0
7fdddb8ab000-7fdddbaaa000 ---p 00002000 08:06 1188281                    /usr/lib/x86_64-linux-gnu/libXinerama.so.1.0.0
7fdddbaaa000-7fdddbaab000 r--p 00001000 08:06 1188281                    /usr/lib/x86_64-linux-gnu/libXinerama.so.1.0.0
7fdddbaab000-7fdddbaac000 rw-p 00002000 08:06 1188281                    /usr/lib/x86_64-linux-gnu/libXinerama.so.1.0.0
7fdddbaac000-7fdddbae9000 r-xp 00000000 08:06 1182354                    /usr/lib/x86_64-linux-gnu/libfontconfig.so.1.9.0
7fdddbae9000-7fdddbce8000 ---p 0003d000 08:06 1182354                    /usr/lib/x86_64-linux-gnu/libfontconfig.so.1.9.0
7fdddbce8000-7fdddbcea000 r--p 0003c000 08:06 1182354                    /usr/lib/x86_64-linux-gnu/libfontconfig.so.1.9.0
7fdddbcea000-7fdddbcef000 rw-p 0003e000 08:06 1182354                    /usr/lib/x86_64-linux-gnu/libfontconfig.so.1.9.0
7fdddbcef000-7fdddbdfe000 r-xp 00000000 08:06 3412509                    /lib/x86_64-linux-gnu/libglib-2.0.so.0.4800.2
7fdddbdfe000-7fdddbffd000 ---p 0010f000 08:06 3412509                    /lib/x86_64-linux-gnu/libglib-2.0.so.0.4800.2
7fdddbffd000-7fdddbffe000 r--p 0010e000 08:06 3412509                    /lib/x86_64-linux-gnu/libglib-2.0.so.0.4800.2
7fdddbffe000-7fdddbfff000 rw-p 0010f000 08:06 3412509                    /lib/x86_64-linux-gnu/libglib-2.0.so.0.4800.2
7fdddbfff000-7fdddc000000 rw-p 00000000 00:00 0 
7fdddc000000-7fdddc021000 rw-p 00000000 00:00 0 
7fdddc021000-7fdde0000000 ---p 00000000 00:00 0 
7fdde00b3000-7fdde00b6000 ---p 00000000 00:00 0 
7fdde00b6000-7fdde01b4000 rw-p 00000000 00:00 0 
7fdde01b4000-7fdde01bf000 r--s 00000000 08:06 1712127                    /var/cache/fontconfig/945677eb7aeaf62f1d50efc3fb3ec7d8-le64.cache-6
7fdde01bf000-7fdde01c1000 r--s 00000000 08:06 1711017                    /var/cache/fontconfig/99e8ed0e538f840c565b6ed5dad60d56-le64.cache-6
7fdde01c1000-7fdde01ca000 r--s 00000000 08:06 1711199                    /var/cache/fontconfig/a6d8cf8e4ec09cdbc8633c31745a07dd-le64.cache-6
7fdde01ca000-7fdde01d0000 r--s 00000000 08:06 1712125                    /var/cache/fontconfig/2cd17615ca594fa2959ae173292e504c-le64.cache-6
7fdde01d0000-7fdde01d1000 r--s 00000000 08:06 1712124                    /var/cache/fontconfig/0d8c3b2ac0904cb8a57a757ad11a4a08-le64.cache-6
7fdde01d1000-7fdde01e6000 r--s 00000000 08:06 1712123                    /var/cache/fontconfig/04aabc0a78ac019cf9454389977116d2-le64.cache-6
7fdde01e6000-7fdde01ea000 r--s 00000000 08:06 1712121                    /var/cache/fontconfig/385c0604a188198f04d133e54aba7fe7-le64.cache-6
7fdde01ea000-7fdde01ed000 r--s 00000000 08:06 1712093                    /var/cache/fontconfig/767a8244fc0220cfb567a839d0392e0b-le64.cache-6
7fdde01ed000-7fdde01f2000 r--s 00000000 08:06 1712118                    /var/cache/fontconfig/8801497958630a81b71ace7c5f9b32a8-le64.cache-6
7fdde01f2000-7fdde01f9000 r--s 00000000 08:06 1712116                    /var/cache/fontconfig/3047814df9a2f067bd2d96a2b9c36e5a-le64.cache-6
7fdde01f9000-7fdde024b000 r-xp 00000000 08:06 1180087                    /usr/lib/x86_64-linux-gnu/libgobject-2.0.so.0.4800.2
7fdde024b000-7fdde044a000 ---p 00052000 08:06 1180087                    /usr/lib/x86_64-linux-gnu/libgobject-2.0.so.0.4800.2
7fdde044a000-7fdde044b000 r--p 00051000 08:06 1180087                    /usr/lib/x86_64-linux-gnu/libgobject-2.0.so.0.4800.2
7fdde044b000-7fdde044c000 rw-p 00052000 08:06 1180087                    /usr/lib/x86_64-linux-gnu/libgobject-2.0.so.0.4800.2
7fdde044c000-7fdde0495000 r-xp 00000000 08:06 1189189                    /usr/lib/x86_64-linux-gnu/libpango-1.0.so.0.3800.1
7fdde0495000-7fdde0695000 ---p 00049000 08:06 1189189                    /usr/lib/x86_64-linux-gnu/libpango-1.0.so.0.3800.1
7fdde0695000-7fdde0697000 r--p 00049000 08:06 1189189                    /usr/lib/x86_64-linux-gnu/libpango-1.0.so.0.3800.1
7fdde0697000-7fdde0698000 rw-p 0004b000 08:06 1189189                    /usr/lib/x86_64-linux-gnu/libpango-1.0.so.0.3800.1
7fdde0698000-7fdde06ac000 r-xp 00000000 08:06 1189193                    /usr/lib/x86_64-linux-gnu/libpangoft2-1.0.so.0.3800.1
7fdde06ac000-7fdde08ac000 ---p 00014000 08:06 1189193                    /usr/lib/x86_64-linux-gnu/libpangoft2-1.0.so.0.3800.1
7fdde08ac000-7fdde08ad000 r--p 00014000 08:06 1189193                    /usr/lib/x86_64-linux-gnu/libpangoft2-1.0.so.0.3800.1
7fdde08ad000-7fdde08ae000 rw-p 00015000 08:06 1189193                    /usr/lib/x86_64-linux-gnu/libpangoft2-1.0.so.0.3800.1
7fdde08ae000-7fdde0a2e000 r-xp 00000000 08:06 1180090                    /usr/lib/x86_64-linux-gnu/libgio-2.0.so.0.4800.2
7fdde0a2e000-7fdde0c2e000 ---p 00180000 08:06 1180090                    /usr/lib/x86_64-linux-gnu/libgio-2.0.so.0.4800.2
7fdde0c2e000-7fdde0c32000 r--p 00180000 08:06 1180090                    /usr/lib/x86_64-linux-gnu/libgio-2.0.so.0.4800.2
7fdde0c32000-7fdde0c34000 rw-p 00184000 08:06 1180090                    /usr/lib/x86_64-linux-gnu/libgio-2.0.so.0.4800.2
7fdde0c34000-7fdde0c36000 rw-p 00000000 00:00 0 
7fdde0c36000-7fdde0c57000 r-xp 00000000 08:06 1185337                    /usr/lib/x86_64-linux-gnu/libgdk_pixbuf-2.0.so.0.3200.2
7fdde0c57000-7fdde0e56000 ---p 00021000 08:06 1185337                    /usr/lib/x86_64-linux-gnu/libgdk_pixbuf-2.0.so.0.3200.2
7fdde0e56000-7fdde0e57000 r--p 00020000 08:06 1185337                    /usr/lib/x86_64-linux-gnu/libgdk_pixbuf-2.0.so.0.3200.2
7fdde0e57000-7fdde0e58000 rw-p 00021000 08:06 1185337                    /usr/lib/x86_64-linux-gnu/libgdk_pixbuf-2.0.so.0.3200.2
7fdde0e58000-7fdde0f66000 r-xp 00000000 08:06 1188418                    /usr/lib/x86_64-linux-gnu/libcairo.so.2.11400.6
7fdde0f66000-7fdde1166000 ---p 0010e000 08:06 1188418                    /usr/lib/x86_64-linux-gnu/libcairo.so.2.11400.6
7fdde1166000-7fdde1169000 r--p 0010e000 08:06 1188418                    /usr/lib/x86_64-linux-gnu/libcairo.so.2.11400.6
7fdde1169000-7fdde116a000 rw-p 00111000 08:06 1188418                    /usr/lib/x86_64-linux-gnu/libcairo.so.2.11400.6
7fdde116a000-7fdde116c000 rw-p 00000000 00:00 0 
7fdde116c000-7fdde118e000 r-xp 00000000 08:06 1188362                    /usr/lib/x86_64-linux-gnu/libatk-1.0.so.0.21809.1
7fdde118e000-7fdde138d000 ---p 00022000 08:06 1188362                    /usr/lib/x86_64-linux-gnu/libatk-1.0.so.0.21809.1
7fdde138d000-7fdde1390000 r--p 00021000 08:06 1188362                    /usr/lib/x86_64-linux-gnu/libatk-1.0.so.0.21809.1
7fdde1390000-7fdde1391000 rw-p 00024000 08:06 1188362                    /usr/lib/x86_64-linux-gnu/libatk-1.0.so.0.21809.1
7fdde1391000-7fdde139d000 r-xp 00000000 08:06 1189191                    /usr/lib/x86_64-linux-gnu/libpangocairo-1.0.so.0.3800.1
7fdde139d000-7fdde159c000 ---p 0000c000 08:06 1189191                    /usr/lib/x86_64-linux-gnu/libpangocairo-1.0.so.0.3800.1
7fdde159c000-7fdde159d000 r--p 0000b000 08:06 1189191                    /usr/lib/x86_64-linux-gnu/libpangocairo-1.0.so.0.3800.1
7fdde159d000-7fdde159e000 rw-p 0000c000 08:06 1189191                    /usr/lib/x86_64-linux-gnu/libpangocairo-1.0.so.0.3800.1
7fdde159e000-7fdde15a1000 r-xp 00000000 08:06 1180042                    /usr/lib/x86_64-linux-gnu/libgmodule-2.0.so.0.4800.2
7fdde15a1000-7fdde17a0000 ---p 00003000 08:06 1180042                    /usr/lib/x86_64-linux-gnu/libgmodule-2.0.so.0.4800.2
7fdde17a0000-7fdde17a1000 r--p 00002000 08:06 1180042                    /usr/lib/x86_64-linux-gnu/libgmodule-2.0.so.0.4800.2
7fdde17a1000-7fdde17a2000 rw-p 00003000 08:06 1180042                    /usr/lib/x86_64-linux-gnu/libgmodule-2.0.so.0.4800.2
7fdde17a2000-7fdde1852000 r-xp 00000000 08:06 1188727                    /usr/lib/x86_64-linux-gnu/libgdk-x11-2.0.so.0.2400.30
7fdde1852000-7fdde1a51000 ---p 000b0000 08:06 1188727                    /usr/lib/x86_64-linux-gnu/libgdk-x11-2.0.so.0.2400.30
7fdde1a51000-7fdde1a55000 r--p 000af000 08:06 1188727                    /usr/lib/x86_64-linux-gnu/libgdk-x11-2.0.so.0.2400.30
7fdde1a55000-7fdde1a57000 rw-p 000b3000 08:06 1188727                    /usr/lib/x86_64-linux-gnu/libgdk-x11-2.0.so.0.2400.30
7fdde1a57000-7fdde1e95000 r-xp 00000000 08:06 1188872                    /usr/lib/x86_64-linux-gnu/libgtk-x11-2.0.so.0.2400.30
7fdde1e95000-7fdde2094000 ---p 0043e000 08:06 1188872                    /usr/lib/x86_64-linux-gnu/libgtk-x11-2.0.so.0.2400.30
7fdde2094000-7fdde209b000 r--p 0043d000 08:06 1188872                    /usr/lib/x86_64-linux-gnu/libgtk-x11-2.0.so.0.2400.30
7fdde209b000-7fdde209f000 rw-p 00444000 08:06 1188872                    /usr/lib/x86_64-linux-gnu/libgtk-x11-2.0.so.0.2400.30
7fdde209f000-7fdde20a2000 rw-p 00000000 00:00 0 
7fdde20a2000-7fdde20a5000 ---p 00000000 00:00 0 
7fdde20a5000-7fdde21a3000 rw-p 00000000 00:00 0 
7fdde21a3000-7fdde21a8000 r-xp 00000000 08:06 1188273                    /usr/lib/x86_64-linux-gnu/libXfixes.so.3.1.0
7fdde21a8000-7fdde23a7000 ---p 00005000 08:06 1188273                    /usr/lib/x86_64-linux-gnu/libXfixes.so.3.1.0
7fdde23a7000-7fdde23a8000 r--p 00004000 08:06 1188273                    /usr/lib/x86_64-linux-gnu/libXfixes.so.3.1.0
7fdde23a8000-7fdde23a9000 rw-p 00005000 08:06 1188273                    /usr/lib/x86_64-linux-gnu/libXfixes.so.3.1.0
7fdde23a9000-7fdde23b2000 r-xp 00000000 08:06 1186253                    /usr/lib/x86_64-linux-gnu/libXcursor.so.1.0.2
7fdde23b2000-7fdde25b1000 ---p 00009000 08:06 1186253                    /usr/lib/x86_64-linux-gnu/libXcursor.so.1.0.2
7fdde25b1000-7fdde25b2000 r--p 00008000 08:06 1186253                    /usr/lib/x86_64-linux-gnu/libXcursor.so.1.0.2
7fdde25b2000-7fdde25b3000 rw-p 00009000 08:06 1186253                    /usr/lib/x86_64-linux-gnu/libXcursor.so.1.0.2
7fdde25b3000-7fdde25b6000 ---p 00000000 00:00 0 
7fdde25b6000-7fdde26b4000 rw-p 00000000 00:00 0 
7fdde26b4000-7fdde26ca000 r-xp 00000000 08:06 3412662                    /lib/x86_64-linux-gnu/libgcc_s.so.1
7fdde26ca000-7fdde28c9000 ---p 00016000 08:06 3412662                    /lib/x86_64-linux-gnu/libgcc_s.so.1
7fdde28c9000-7fdde28ca000 rw-p 00015000 08:06 3412662                    /lib/x86_64-linux-gnu/libgcc_s.so.1
7fdde28ca000-7fdde292f000 r-xp 00000000 08:06 1448515                    /usr/lib/jvm/java-8-oracle/jre/lib/amd64/libfontmanager.so
7fdde292f000-7fdde2b2e000 ---p 00065000 08:06 1448515                    /usr/lib/jvm/java-8-oracle/jre/lib/amd64/libfontmanager.so
7fdde2b2e000-7fdde2b33000 rw-p 00064000 08:06 1448515                    /usr/lib/jvm/java-8-oracle/jre/lib/amd64/libfontmanager.so
7fdde2b33000-7fdde2b43000 rw-p 00000000 00:00 0 
7fdde2b43000-7fdde2b48000 r-xp 00000000 08:06 1188269                    /usr/lib/x86_64-linux-gnu/libXdmcp.so.6.0.0
7fdde2b48000-7fdde2d47000 ---p 00005000 08:06 1188269                    /usr/lib/x86_64-linux-gnu/libXdmcp.so.6.0.0
7fdde2d47000-7fdde2d48000 r--p 00004000 08:06 1188269                    /usr/lib/x86_64-linux-gnu/libXdmcp.so.6.0.0
7fdde2d48000-7fdde2d49000 rw-p 00005000 08:06 1188269                    /usr/lib/x86_64-linux-gnu/libXdmcp.so.6.0.0
7fdde2d49000-7fdde2d4b000 r-xp 00000000 08:06 1188258                    /usr/lib/x86_64-linux-gnu/libXau.so.6.0.0
7fdde2d4b000-7fdde2f4b000 ---p 00002000 08:06 1188258                    /usr/lib/x86_64-linux-gnu/libXau.so.6.0.0
7fdde2f4b000-7fdde2f4c000 r--p 00002000 08:06 1188258                    /usr/lib/x86_64-linux-gnu/libXau.so.6.0.0
7fdde2f4c000-7fdde2f4d000 rw-p 00003000 08:06 1188258                    /usr/lib/x86_64-linux-gnu/libXau.so.6.0.0
7fdde2f4d000-7fdde2f6e000 r-xp 00000000 08:06 1189636                    /usr/lib/x86_64-linux-gnu/libxcb.so.1.1.0
7fdde2f6e000-7fdde316d000 ---p 00021000 08:06 1189636                    /usr/lib/x86_64-linux-gnu/libxcb.so.1.1.0
7fdde316d000-7fdde316e000 r--p 00020000 08:06 1189636                    /usr/lib/x86_64-linux-gnu/libxcb.so.1.1.0
7fdde316e000-7fdde316f000 rw-p 00021000 08:06 1189636                    /usr/lib/x86_64-linux-gnu/libxcb.so.1.1.0
7fdde316f000-7fdde317e000 r-xp 00000000 08:06 1188279                    /usr/lib/x86_64-linux-gnu/libXi.so.6.1.0
7fdde317e000-7fdde337d000 ---p 0000f000 08:06 1188279                    /usr/lib/x86_64-linux-gnu/libXi.so.6.1.0
7fdde337d000-7fdde337e000 r--p 0000e000 08:06 1188279                    /usr/lib/x86_64-linux-gnu/libXi.so.6.1.0
7fdde337e000-7fdde337f000 rw-p 0000f000 08:06 1188279                    /usr/lib/x86_64-linux-gnu/libXi.so.6.1.0
7fdde337f000-7fdde3388000 r-xp 00000000 08:06 1188291                    /usr/lib/x86_64-linux-gnu/libXrender.so.1.3.0
7fdde3388000-7fdde3587000 ---p 00009000 08:06 1188291                    /usr/lib/x86_64-linux-gnu/libXrender.so.1.3.0
7fdde3587000-7fdde3588000 r--p 00008000 08:06 1188291                    /usr/lib/x86_64-linux-gnu/libXrender.so.1.3.0
7fdde3588000-7fdde3589000 rw-p 00009000 08:06 1188291                    /usr/lib/x86_64-linux-gnu/libXrender.so.1.3.0
7fdde3589000-7fdde36be000 r-xp 00000000 08:06 1188254                    /usr/lib/x86_64-linux-gnu/libX11.so.6.3.0
7fdde36be000-7fdde38be000 ---p 00135000 08:06 1188254                    /usr/lib/x86_64-linux-gnu/libX11.so.6.3.0
7fdde38be000-7fdde38bf000 r--p 00135000 08:06 1188254                    /usr/lib/x86_64-linux-gnu/libX11.so.6.3.0
7fdde38bf000-7fdde38c3000 rw-p 00136000 08:06 1188254                    /usr/lib/x86_64-linux-gnu/libX11.so.6.3.0
7fdde38c3000-7fdde38d4000 r-xp 00000000 08:06 1188271                    /usr/lib/x86_64-linux-gnu/libXext.so.6.4.0
7fdde38d4000-7fdde3ad3000 ---p 00011000 08:06 1188271                    /usr/lib/x86_64-linux-gnu/libXext.so.6.4.0
7fdde3ad3000-7fdde3ad4000 r--p 00010000 08:06 1188271                    /usr/lib/x86_64-linux-gnu/libXext.so.6.4.0
7fdde3ad4000-7fdde3ad5000 rw-p 00011000 08:06 1188271                    /usr/lib/x86_64-linux-gnu/libXext.so.6.4.0
7fdde3ad5000-7fdde3b29000 r-xp 00000000 08:06 1448542                    /usr/lib/jvm/java-8-oracle/jre/lib/amd64/libawt_xawt.so
7fdde3b29000-7fdde3d29000 ---p 00054000 08:06 1448542                    /usr/lib/jvm/java-8-oracle/jre/lib/amd64/libawt_xawt.so
7fdde3d29000-7fdde3d2d000 rw-p 00054000 08:06 1448542                    /usr/lib/jvm/java-8-oracle/jre/lib/amd64/libawt_xawt.so
7fdde3d2d000-7fdde3d2e000 rw-p 00000000 00:00 0 
7fdde3d2e000-7fdde3dd0000 r-xp 00000000 08:06 1448528                    /usr/lib/jvm/java-8-oracle/jre/lib/amd64/libawt.so
7fdde3dd0000-7fdde3fd0000 ---p 000a2000 08:06 1448528                    /usr/lib/jvm/java-8-oracle/jre/lib/amd64/libawt.so
7fdde3fd0000-7fdde3fdc000 rw-p 000a2000 08:06 1448528                    /usr/lib/jvm/java-8-oracle/jre/lib/amd64/libawt.so
7fdde3fdc000-7fdde4000000 rw-p 00000000 00:00 0 
7fdde4000000-7fdde4021000 rw-p 00000000 00:00 0 
7fdde4021000-7fdde8000000 ---p 00000000 00:00 0 
7fdde8000000-7fdde8021000 rw-p 00000000 00:00 0 
7fdde8021000-7fddec000000 ---p 00000000 00:00 0 
7fddec000000-7fddec111000 rw-p 00000000 00:00 0 
7fddec111000-7fddf0000000 ---p 00000000 00:00 0 
7fddf0000000-7fddf0752000 rw-p 00000000 00:00 0 
7fddf0752000-7fddf4000000 ---p 00000000 00:00 0 
7fddf4000000-7fddf4021000 rw-p 00000000 00:00 0 
7fddf4021000-7fddf8000000 ---p 00000000 00:00 0 
7fddf8000000-7fddf811d000 rw-p 00000000 00:00 0 
7fddf811d000-7fddfc000000 ---p 00000000 00:00 0 
7fddfc000000-7fddfc021000 rw-p 00000000 00:00 0 
7fddfc021000-7fde00000000 ---p 00000000 00:00 0 
7fde00000000-7fde00021000 rw-p 00000000 00:00 0 
7fde00021000-7fde04000000 ---p 00000000 00:00 0 
7fde04000000-7fde04021000 rw-p 00000000 00:00 0 
7fde04021000-7fde08000000 ---p 00000000 00:00 0 
7fde08000000-7fde08001000 r--s 00000000 08:06 1712122                    /var/cache/fontconfig/1ac9eb803944fde146138c791f5cc56a-le64.cache-6
7fde08001000-7fde08006000 r-xp 00000000 08:06 1188297                    /usr/lib/x86_64-linux-gnu/libXtst.so.6.1.0
7fde08006000-7fde08205000 ---p 00005000 08:06 1188297                    /usr/lib/x86_64-linux-gnu/libXtst.so.6.1.0
7fde08205000-7fde08206000 r--p 00004000 08:06 1188297                    /usr/lib/x86_64-linux-gnu/libXtst.so.6.1.0
7fde08206000-7fde08207000 rw-p 00005000 08:06 1188297                    /usr/lib/x86_64-linux-gnu/libXtst.so.6.1.0
7fde08207000-7fde08208000 ---p 00000000 00:00 0 
7fde08208000-7fde08308000 rw-p 00000000 00:00 0 
7fde08308000-7fde0830b000 ---p 00000000 00:00 0 
7fde0830b000-7fde08409000 rw-p 00000000 00:00 0 
7fde08409000-7fde0840c000 ---p 00000000 00:00 0 
7fde0840c000-7fde0850a000 rw-p 00000000 00:00 0 
7fde0850a000-7fde0850d000 ---p 00000000 00:00 0 
7fde0850d000-7fde0b60c000 rw-p 00000000 00:00 0 
7fde0b60c000-7fde0b622000 r-xp 00000000 08:06 1448535                    /usr/lib/jvm/java-8-oracle/jre/lib/amd64/libnet.so
7fde0b622000-7fde0b822000 ---p 00016000 08:06 1448535                    /usr/lib/jvm/java-8-oracle/jre/lib/amd64/libnet.so
7fde0b822000-7fde0b823000 rw-p 00016000 08:06 1448535                    /usr/lib/jvm/java-8-oracle/jre/lib/amd64/libnet.so
7fde0b823000-7fde0b826000 ---p 00000000 00:00 0 
7fde0b826000-7fde0b924000 rw-p 00000000 00:00 0 
7fde0b924000-7fde0b927000 ---p 00000000 00:00 0 
7fde0b927000-7fde0ba25000 rw-p 00000000 00:00 0 
7fde0ba25000-7fde0ba28000 ---p 00000000 00:00 0 
7fde0ba28000-7fde0bb26000 rw-p 00000000 00:00 0 
7fde0bb26000-7fde0bdfe000 r--p 00000000 08:06 1181300                    /usr/lib/locale/locale-archive
7fde0bdfe000-7fde0be01000 ---p 00000000 00:00 0 
7fde0be01000-7fde0beff000 rw-p 00000000 00:00 0 
7fde0beff000-7fde0bf02000 ---p 00000000 00:00 0 
7fde0bf02000-7fde0c000000 rw-p 00000000 00:00 0 
7fde0c000000-7fde0c021000 rw-p 00000000 00:00 0 
7fde0c021000-7fde10000000 ---p 00000000 00:00 0 
7fde10000000-7fde10001000 r--s 00000000 08:06 1712120                    /var/cache/fontconfig/dc05db6664285cc2f12bf69c139ae4c3-le64.cache-6
7fde10001000-7fde10002000 r--s 00000000 08:06 1712119                    /var/cache/fontconfig/4794a0821666d79190d59a36cb4f44b5-le64.cache-6
7fde10002000-7fde10003000 r--s 00000000 08:06 1712117                    /var/cache/fontconfig/bab58bb527bb656aaa9f116d68a48d89-le64.cache-6
7fde10003000-7fde10004000 r--s 00000000 08:06 1712115                    /var/cache/fontconfig/56cf4f4769d0f4abc89a4895d7bd3ae1-le64.cache-6
7fde10004000-7fde1000a000 r--s 00000000 08:06 1712113                    /var/cache/fontconfig/b47c4e1ecd0709278f4910c18777a504-le64.cache-6
7fde1000a000-7fde10012000 r--s 00000000 08:06 1711198                    /var/cache/fontconfig/52f7bdb7ce746bfd7eaa1985bd9cfa93-le64.cache-6
7fde10012000-7fde10025000 r--s 00000000 08:06 1712112                    /var/cache/fontconfig/d52a8644073d54c13679302ca1180695-le64.cache-6
7fde10025000-7fde10029000 r--s 00000000 08:06 1712110                    /var/cache/fontconfig/d589a48862398ed80a3d6066f4f56f4c-le64.cache-6
7fde10029000-7fde10034000 r--s 00000000 08:06 1712105                    /var/cache/fontconfig/83bf95040141907cd45bb53cf7c1c148-le64.cache-6
7fde10034000-7fde10046000 r--s 00000000 08:06 1710579                    /var/cache/fontconfig/9b89f8e3dae116d678bbf48e5f21f69b-le64.cache-6
7fde10046000-7fde10047000 ---p 00000000 00:00 0 
7fde10047000-7fde11056000 rw-p 00000000 00:00 0 
7fde11056000-7fde11230000 r--s 03d68000 08:06 1448411                    /usr/lib/jvm/java-8-oracle/jre/lib/rt.jar
7fde11230000-7fde14000000 rw-p 00000000 00:00 0 
7fde14000000-7fde14021000 rw-p 00000000 00:00 0 
7fde14021000-7fde18000000 ---p 00000000 00:00 0 
7fde18000000-7fde18021000 rw-p 00000000 00:00 0 
7fde18021000-7fde1c000000 ---p 00000000 00:00 0 
7fde1c000000-7fde1c021000 rw-p 00000000 00:00 0 
7fde1c021000-7fde20000000 ---p 00000000 00:00 0 
7fde20000000-7fde20021000 rw-p 00000000 00:00 0 
7fde20021000-7fde24000000 ---p 00000000 00:00 0 
7fde24000000-7fde24001000 r--s 00000000 08:06 1712114                    /var/cache/fontconfig/b9d506c9ac06c20b433354fa67a72993-le64.cache-6
7fde24001000-7fde24002000 r--s 00000000 08:06 1712111                    /var/cache/fontconfig/551ecf3b0e8b0bca0f25c0944f561853-le64.cache-6
7fde24002000-7fde24003000 r--s 00000000 08:06 1712109                    /var/cache/fontconfig/30829fa25452a46451e813d634d7f916-le64.cache-6
7fde24003000-7fde24004000 r--s 00000000 08:06 1712108                    /var/cache/fontconfig/0c9eb80ebd1c36541ebe2852d3bb0c49-le64.cache-6
7fde24004000-7fde24007000 r--s 00000000 08:06 1712106                    /var/cache/fontconfig/75114ca45c98e8a441da0ff356701271-le64.cache-6
7fde24007000-7fde24014000 r--s 00000000 08:06 1712090                    /var/cache/fontconfig/e13b20fdb08344e0e664864cc2ede53d-le64.cache-6
7fde24014000-7fde24018000 r--s 00000000 08:06 1712155                    /var/cache/fontconfig/7ef2298fde41cc6eeb7af42e48b7d293-le64.cache-6
7fde24030000-7fde24035000 r--p 00000000 08:06 3803627                    /home/de-prof/.config/dconf/user (deleted)
7fde24035000-7fde2407b000 r--p 00000000 08:06 2097968                    /usr/share/glib-2.0/schemas/gschemas.compiled
7fde2407b000-7fde2408e000 r--s 00345000 08:06 1448479                    /usr/lib/jvm/java-8-oracle/jre/lib/resources.jar
7fde2408e000-7fde240a9000 r--s 0020c000 08:06 1443726                    /usr/lib/jvm/java-8-oracle/jre/lib/deploy.jar
7fde240a9000-7fde24bfc000 rw-p 00000000 00:00 0 
7fde24bfc000-7fde24bfd000 ---p 00000000 00:00 0 
7fde24bfd000-7fde24cfd000 rw-p 00000000 00:00 0 
7fde24cfd000-7fde24cfe000 ---p 00000000 00:00 0 
7fde24cfe000-7fde24dfe000 rw-p 00000000 00:00 0 
7fde24dfe000-7fde24dff000 ---p 00000000 00:00 0 
7fde24dff000-7fde24eff000 rw-p 00000000 00:00 0 
7fde24eff000-7fde24f00000 ---p 00000000 00:00 0 
7fde24f00000-7fde25000000 rw-p 00000000 00:00 0 
7fde25000000-7fde25420000 rwxp 00000000 00:00 0 
7fde25420000-7fde34000000 ---p 00000000 00:00 0 
7fde34000000-7fde3481d000 rw-p 00000000 00:00 0 
7fde3481d000-7fde38000000 ---p 00000000 00:00 0 
7fde38000000-7fde38001000 r--s 00000000 00:29 29                         /run/user/1000/dconf/user (deleted)
7fde38001000-7fde38014000 r--s 000d6000 08:06 1443750                    /usr/lib/jvm/java-8-oracle/jre/lib/plugin.jar
7fde38014000-7fde38033000 rw-p 00000000 00:00 0 
7fde38033000-7fde381fd000 ---p 00000000 00:00 0 
7fde381fd000-7fde3821c000 rw-p 00000000 00:00 0 
7fde3821c000-7fde383e5000 ---p 00000000 00:00 0 
7fde383e5000-7fde383f5000 rw-p 00000000 00:00 0 
7fde383f5000-7fde384da000 ---p 00000000 00:00 0 
7fde384da000-7fde384ec000 rw-p 00000000 00:00 0 
7fde384ec000-7fde3889b000 ---p 00000000 00:00 0 
7fde3889b000-7fde388b6000 r-xp 00000000 08:06 1448531                    /usr/lib/jvm/java-8-oracle/jre/lib/amd64/libzip.so
7fde388b6000-7fde38ab6000 ---p 0001b000 08:06 1448531                    /usr/lib/jvm/java-8-oracle/jre/lib/amd64/libzip.so
7fde38ab6000-7fde38ab7000 rw-p 0001b000 08:06 1448531                    /usr/lib/jvm/java-8-oracle/jre/lib/amd64/libzip.so
7fde38ab7000-7fde38ac2000 r-xp 00000000 08:06 3412746                    /lib/x86_64-linux-gnu/libnss_files-2.23.so
7fde38ac2000-7fde38cc1000 ---p 0000b000 08:06 3412746                    /lib/x86_64-linux-gnu/libnss_files-2.23.so
7fde38cc1000-7fde38cc2000 r--p 0000a000 08:06 3412746                    /lib/x86_64-linux-gnu/libnss_files-2.23.so
7fde38cc2000-7fde38cc3000 rw-p 0000b000 08:06 3412746                    /lib/x86_64-linux-gnu/libnss_files-2.23.so
7fde38cc3000-7fde38cc9000 rw-p 00000000 00:00 0 
7fde38cc9000-7fde38cd4000 r-xp 00000000 08:06 3412814                    /lib/x86_64-linux-gnu/libnss_nis-2.23.so
7fde38cd4000-7fde38ed3000 ---p 0000b000 08:06 3412814                    /lib/x86_64-linux-gnu/libnss_nis-2.23.so
7fde38ed3000-7fde38ed4000 r--p 0000a000 08:06 3412814                    /lib/x86_64-linux-gnu/libnss_nis-2.23.so
7fde38ed4000-7fde38ed5000 rw-p 0000b000 08:06 3412814                    /lib/x86_64-linux-gnu/libnss_nis-2.23.so
7fde38ed5000-7fde38eeb000 r-xp 00000000 08:06 3407956                    /lib/x86_64-linux-gnu/libnsl-2.23.so
7fde38eeb000-7fde390ea000 ---p 00016000 08:06 3407956                    /lib/x86_64-linux-gnu/libnsl-2.23.so
7fde390ea000-7fde390eb000 r--p 00015000 08:06 3407956                    /lib/x86_64-linux-gnu/libnsl-2.23.so
7fde390eb000-7fde390ec000 rw-p 00016000 08:06 3407956                    /lib/x86_64-linux-gnu/libnsl-2.23.so
7fde390ec000-7fde390ee000 rw-p 00000000 00:00 0 
7fde390ee000-7fde390f6000 r-xp 00000000 08:06 3407967                    /lib/x86_64-linux-gnu/libnss_compat-2.23.so
7fde390f6000-7fde392f5000 ---p 00008000 08:06 3407967                    /lib/x86_64-linux-gnu/libnss_compat-2.23.so
7fde392f5000-7fde392f6000 r--p 00007000 08:06 3407967                    /lib/x86_64-linux-gnu/libnss_compat-2.23.so
7fde392f6000-7fde392f7000 rw-p 00008000 08:06 3407967                    /lib/x86_64-linux-gnu/libnss_compat-2.23.so
7fde392f7000-7fde39301000 r-xp 00000000 08:06 1448540                    /usr/lib/jvm/java-8-oracle/jre/lib/amd64/libinstrument.so
7fde39301000-7fde39500000 ---p 0000a000 08:06 1448540                    /usr/lib/jvm/java-8-oracle/jre/lib/amd64/libinstrument.so
7fde39500000-7fde39501000 rw-p 00009000 08:06 1448540                    /usr/lib/jvm/java-8-oracle/jre/lib/amd64/libinstrument.so
7fde39501000-7fde3952c000 r-xp 00000000 08:06 1448525                    /usr/lib/jvm/java-8-oracle/jre/lib/amd64/libjava.so
7fde3952c000-7fde3972b000 ---p 0002b000 08:06 1448525                    /usr/lib/jvm/java-8-oracle/jre/lib/amd64/libjava.so
7fde3972b000-7fde3972d000 rw-p 0002a000 08:06 1448525                    /usr/lib/jvm/java-8-oracle/jre/lib/amd64/libjava.so
7fde3972d000-7fde3973a000 r-xp 00000000 08:06 1448530                    /usr/lib/jvm/java-8-oracle/jre/lib/amd64/libverify.so
7fde3973a000-7fde3993a000 ---p 0000d000 08:06 1448530                    /usr/lib/jvm/java-8-oracle/jre/lib/amd64/libverify.so
7fde3993a000-7fde3993c000 rw-p 0000d000 08:06 1448530                    /usr/lib/jvm/java-8-oracle/jre/lib/amd64/libverify.so
7fde3993c000-7fde39943000 r-xp 00000000 08:06 3412815                    /lib/x86_64-linux-gnu/librt-2.23.so
7fde39943000-7fde39b42000 ---p 00007000 08:06 3412815                    /lib/x86_64-linux-gnu/librt-2.23.so
7fde39b42000-7fde39b43000 r--p 00006000 08:06 3412815                    /lib/x86_64-linux-gnu/librt-2.23.so
7fde39b43000-7fde39b44000 rw-p 00007000 08:06 3412815                    /lib/x86_64-linux-gnu/librt-2.23.so
7fde39b44000-7fde39c4c000 r-xp 00000000 08:06 3407955                    /lib/x86_64-linux-gnu/libm-2.23.so
7fde39c4c000-7fde39e4b000 ---p 00108000 08:06 3407955                    /lib/x86_64-linux-gnu/libm-2.23.so
7fde39e4b000-7fde39e4c000 r--p 00107000 08:06 3407955                    /lib/x86_64-linux-gnu/libm-2.23.so
7fde39e4c000-7fde39e4d000 rw-p 00108000 08:06 3407955                    /lib/x86_64-linux-gnu/libm-2.23.so
7fde39e4d000-7fde3ab26000 r-xp 00000000 08:06 1448553                    /usr/lib/jvm/java-8-oracle/jre/lib/amd64/server/libjvm.so
7fde3ab26000-7fde3ad25000 ---p 00cd9000 08:06 1448553                    /usr/lib/jvm/java-8-oracle/jre/lib/amd64/server/libjvm.so
7fde3ad25000-7fde3adff000 rw-p 00cd8000 08:06 1448553                    /usr/lib/jvm/java-8-oracle/jre/lib/amd64/server/libjvm.so
7fde3adff000-7fde3ae4a000 rw-p 00000000 00:00 0 
7fde3ae4a000-7fde3b00a000 r-xp 00000000 08:06 3407959                    /lib/x86_64-linux-gnu/libc-2.23.so
7fde3b00a000-7fde3b20a000 ---p 001c0000 08:06 3407959                    /lib/x86_64-linux-gnu/libc-2.23.so
7fde3b20a000-7fde3b20e000 r--p 001c0000 08:06 3407959                    /lib/x86_64-linux-gnu/libc-2.23.so
7fde3b20e000-7fde3b210000 rw-p 001c4000 08:06 3407959                    /lib/x86_64-linux-gnu/libc-2.23.so
7fde3b210000-7fde3b214000 rw-p 00000000 00:00 0 
7fde3b214000-7fde3b217000 r-xp 00000000 08:06 3407961                    /lib/x86_64-linux-gnu/libdl-2.23.so
7fde3b217000-7fde3b416000 ---p 00003000 08:06 3407961                    /lib/x86_64-linux-gnu/libdl-2.23.so
7fde3b416000-7fde3b417000 r--p 00002000 08:06 3407961                    /lib/x86_64-linux-gnu/libdl-2.23.so
7fde3b417000-7fde3b418000 rw-p 00003000 08:06 3407961                    /lib/x86_64-linux-gnu/libdl-2.23.so
7fde3b418000-7fde3b42e000 r-xp 00000000 08:06 1443635                    /usr/lib/jvm/java-8-oracle/lib/amd64/jli/libjli.so
7fde3b42e000-7fde3b62d000 ---p 00016000 08:06 1443635                    /usr/lib/jvm/java-8-oracle/lib/amd64/jli/libjli.so
7fde3b62d000-7fde3b62e000 rw-p 00015000 08:06 1443635                    /usr/lib/jvm/java-8-oracle/lib/amd64/jli/libjli.so
7fde3b62e000-7fde3b646000 r-xp 00000000 08:06 3407958                    /lib/x86_64-linux-gnu/libpthread-2.23.so
7fde3b646000-7fde3b845000 ---p 00018000 08:06 3407958                    /lib/x86_64-linux-gnu/libpthread-2.23.so
7fde3b845000-7fde3b846000 r--p 00017000 08:06 3407958                    /lib/x86_64-linux-gnu/libpthread-2.23.so
7fde3b846000-7fde3b847000 rw-p 00018000 08:06 3407958                    /lib/x86_64-linux-gnu/libpthread-2.23.so
7fde3b847000-7fde3b84b000 rw-p 00000000 00:00 0 
7fde3b84b000-7fde3b871000 r-xp 00000000 08:06 3407957                    /lib/x86_64-linux-gnu/ld-2.23.so
7fde3b871000-7fde3b873000 r--s 0001a000 08:06 3804129                    /home/de-prof/idea-IU-181.5281.24/lib/idea_rt.jar
7fde3b873000-7fde3b87b000 r--s 000c7000 08:06 4200218                    /home/de-prof/Documents/Third Party Libraries/mysql-connector-java-5.1.24-bin.jar
7fde3b87b000-7fde3b880000 r--s 0009d000 08:06 1448480                    /usr/lib/jvm/java-8-oracle/jre/lib/jsse.jar
7fde3b880000-7fde3b885000 r--s 00084000 08:06 1443725                    /usr/lib/jvm/java-8-oracle/jre/lib/jfr.jar
7fde3b885000-7fde3b94c000 rw-p 00000000 00:00 0 
7fde3b94c000-7fde3b94f000 ---p 00000000 00:00 0 
7fde3b94f000-7fde3ba52000 rw-p 00000000 00:00 0 
7fde3ba52000-7fde3ba53000 r--s 00000000 08:06 1443732                    /usr/lib/jvm/java-8-oracle/jre/lib/management-agent.jar
7fde3ba53000-7fde3ba55000 r--s 00007000 08:06 1448559                    /usr/lib/jvm/java-8-oracle/jre/lib/jfxswt.jar
7fde3ba55000-7fde3ba58000 r--s 0001a000 08:06 1448557                    /usr/lib/jvm/java-8-oracle/jre/lib/jce.jar
7fde3ba58000-7fde3ba61000 r--s 0006d000 08:06 1443735                    /usr/lib/jvm/java-8-oracle/jre/lib/javaws.jar
7fde3ba61000-7fde3ba66000 r--s 002f9000 08:06 1448409                    /usr/lib/jvm/java-8-oracle/jre/lib/charsets.jar
7fde3ba66000-7fde3ba6e000 rw-s 00000000 08:06 2636928                    /tmp/hsperfdata_de-prof/3270
7fde3ba6e000-7fde3ba6f000 rw-p 00000000 00:00 0 
7fde3ba6f000-7fde3ba70000 r--p 00000000 00:00 0 
7fde3ba70000-7fde3ba71000 r--p 00025000 08:06 3407957                    /lib/x86_64-linux-gnu/ld-2.23.so
7fde3ba71000-7fde3ba72000 rw-p 00026000 08:06 3407957                    /lib/x86_64-linux-gnu/ld-2.23.so
7fde3ba72000-7fde3ba73000 rw-p 00000000 00:00 0 
7ffd14f75000-7ffd14f96000 rw-p 00000000 00:00 0                          [stack]
7ffd14fd3000-7ffd14fd6000 r--p 00000000 00:00 0                          [vvar]
7ffd14fd6000-7ffd14fd8000 r-xp 00000000 00:00 0                          [vdso]
ffffffffff600000-ffffffffff601000 r-xp 00000000 00:00 0                  [vsyscall]

VM Arguments:
jvm_args: -javaagent:/home/de-prof/idea-IU-181.5281.24/lib/idea_rt.jar=42897:/home/de-prof/idea-IU-181.5281.24/bin -Dfile.encoding=UTF-8 
java_command: com.prof.inec.controller.RegistrationController
java_class_path (initial): /usr/lib/jvm/java-8-oracle/jre/lib/charsets.jar:/usr/lib/jvm/java-8-oracle/jre/lib/deploy.jar:/usr/lib/jvm/java-8-oracle/jre/lib/ext/cldrdata.jar:/usr/lib/jvm/java-8-oracle/jre/lib/ext/dnsns.jar:/usr/lib/jvm/java-8-oracle/jre/lib/ext/jaccess.jar:/usr/lib/jvm/java-8-oracle/jre/lib/ext/jfxrt.jar:/usr/lib/jvm/java-8-oracle/jre/lib/ext/localedata.jar:/usr/lib/jvm/java-8-oracle/jre/lib/ext/nashorn.jar:/usr/lib/jvm/java-8-oracle/jre/lib/ext/sunec.jar:/usr/lib/jvm/java-8-oracle/jre/lib/ext/sunjce_provider.jar:/usr/lib/jvm/java-8-oracle/jre/lib/ext/sunpkcs11.jar:/usr/lib/jvm/java-8-oracle/jre/lib/ext/zipfs.jar:/usr/lib/jvm/java-8-oracle/jre/lib/javaws.jar:/usr/lib/jvm/java-8-oracle/jre/lib/jce.jar:/usr/lib/jvm/java-8-oracle/jre/lib/jfr.jar:/usr/lib/jvm/java-8-oracle/jre/lib/jfxswt.jar:/usr/lib/jvm/java-8-oracle/jre/lib/jsse.jar:/usr/lib/jvm/java-8-oracle/jre/lib/management-agent.jar:/usr/lib/jvm/java-8-oracle/jre/lib/plugin.jar:/usr/lib/jvm/java-8-oracle/jre/lib/resources.jar:/usr/lib/jvm/java-8-oracle/jre/lib/rt.jar:/home/de-prof/IdeaProjects/inec/out/production/inec:/home/de-prof/Documents/Third Party Libraries/mysql-connector-java-5.1.24-bin.jar:/home/de-prof/idea-IU-181.5281.24/lib/idea_rt.jar
Launcher Type: SUN_STANDARD

Environment Variables:
JAVA_HOME=/usr/lib/jvm/java-8-oracle
PATH=/usr/local/sbin:/usr/local/bin:/usr/sbin:/usr/bin:/sbin:/bin:/usr/games:/usr/local/games:/snap/bin:/usr/lib/jvm/java-8-oracle/bin:/usr/lib/jvm/java-8-oracle/db/bin:/usr/lib/jvm/java-8-oracle/jre/bin
SHELL=/bin/bash
DISPLAY=:0

Signal Handlers:
SIGSEGV: [libjvm.so+0xad0890], sa_mask[0]=11111111011111111101111111111110, sa_flags=SA_RESTART|SA_SIGINFO
SIGBUS: [libjvm.so+0xad0890], sa_mask[0]=11111111011111111101111111111110, sa_flags=SA_RESTART|SA_SIGINFO
SIGFPE: [libjvm.so+0x928640], sa_mask[0]=11111111011111111101111111111110, sa_flags=SA_RESTART|SA_SIGINFO
SIGPIPE: SIG_IGN, sa_mask[0]=00000000000010000000000000000000, sa_flags=SA_RESTART
SIGXFSZ: [libjvm.so+0x928640], sa_mask[0]=11111111011111111101111111111110, sa_flags=SA_RESTART|SA_SIGINFO
SIGILL: [libjvm.so+0x928640], sa_mask[0]=11111111011111111101111111111110, sa_flags=SA_RESTART|SA_SIGINFO
SIGUSR1: SIG_DFL, sa_mask[0]=00000000000000000000000000000000, sa_flags=none
SIGUSR2: [libjvm.so+0x929ea0], sa_mask[0]=00100000000000000000000000000000, sa_flags=SA_RESTART|SA_SIGINFO
SIGHUP: [libjvm.so+0x92b2a0], sa_mask[0]=11111111011111111101111111111110, sa_flags=SA_RESTART|SA_SIGINFO
SIGINT: [libjvm.so+0x92b2a0], sa_mask[0]=11111111011111111101111111111110, sa_flags=SA_RESTART|SA_SIGINFO
SIGTERM: [libjvm.so+0x92b2a0], sa_mask[0]=11111111011111111101111111111110, sa_flags=SA_RESTART|SA_SIGINFO
SIGQUIT: [libjvm.so+0x92b2a0], sa_mask[0]=11111111011111111101111111111110, sa_flags=SA_RESTART|SA_SIGINFO


---------------  S Y S T E M  ---------------

OS:DISTRIB_ID=Ubuntu
DISTRIB_RELEASE=16.04
DISTRIB_CODENAME=xenial
DISTRIB_DESCRIPTION="Ubuntu 16.04 LTS"

uname:Linux 4.4.0-130-generic #156-Ubuntu SMP Thu Jun 14 08:53:28 UTC 2018 x86_64
libc:glibc 2.23 NPTL 2.23 
rlimit: STACK 8192k, CORE 0k, NPROC 23043, NOFILE 1048576, AS infinity
load average:1.07 1.42 1.35

/proc/meminfo:
MemTotal:        5997032 kB
MemFree:         3120620 kB
MemAvailable:    4143924 kB
Buffers:           89948 kB
Cached:          1240656 kB
SwapCached:            0 kB
Active:          2009896 kB
Inactive:         695280 kB
Active(anon):    1377092 kB
Inactive(anon):   115952 kB
Active(file):     632804 kB
Inactive(file):   579328 kB
Unevictable:          80 kB
Mlocked:              80 kB
SwapTotal:       6178812 kB
SwapFree:        6178812 kB
Dirty:                 0 kB
Writeback:           404 kB
AnonPages:       1367368 kB
Mapped:           146112 kB
Shmem:            118820 kB
Slab:             105224 kB
SReclaimable:      64864 kB
SUnreclaim:        40360 kB
KernelStack:        7952 kB
PageTables:        11936 kB
NFS_Unstable:          0 kB
Bounce:                0 kB
WritebackTmp:          0 kB
CommitLimit:     9177328 kB
Committed_AS:    3751908 kB
VmallocTotal:   34359738367 kB
VmallocUsed:           0 kB
VmallocChunk:          0 kB
HardwareCorrupted:     0 kB
AnonHugePages:         0 kB
CmaTotal:              0 kB
CmaFree:               0 kB
HugePages_Total:       0
HugePages_Free:        0
HugePages_Rsvd:        0
HugePages_Surp:        0
Hugepagesize:       2048 kB
DirectMap4k:      128768 kB
DirectMap2M:     6049792 kB


CPU:total 4 (initial active 4) (2 cores per cpu, 2 threads per core) family 6 model 58 stepping 9, cmov, cx8, fxsr, mmx, sse, sse2, sse3, ssse3, sse4.1, sse4.2, popcnt, avx, aes, clmul, erms, ht, tsc, tscinvbit, tscinv

/proc/cpuinfo:
processor	: 0
vendor_id	: GenuineIntel
cpu family	: 6
model		: 58
model name	: Intel(R) Core(TM) i5-3210M CPU @ 2.50GHz
stepping	: 9
microcode	: 0x1f
cpu MHz		: 2499.902
cache size	: 3072 KB
physical id	: 0
siblings	: 4
core id		: 0
cpu cores	: 2
apicid		: 0
initial apicid	: 0
fpu		: yes
fpu_exception	: yes
cpuid level	: 13
wp		: yes
flags		: fpu vme de pse tsc msr pae mce cx8 apic sep mtrr pge mca cmov pat pse36 clflush dts acpi mmx fxsr sse sse2 ss ht tm pbe syscall nx rdtscp lm constant_tsc arch_perfmon pebs bts rep_good nopl xtopology nonstop_tsc aperfmperf eagerfpu pni pclmulqdq dtes64 monitor ds_cpl vmx est tm2 ssse3 cx16 xtpr pdcm pcid sse4_1 sse4_2 x2apic popcnt tsc_deadline_timer aes xsave avx f16c rdrand lahf_lm epb ibrs ibpb stibp kaiser tpr_shadow vnmi flexpriority ept vpid fsgsbase smep erms xsaveopt dtherm ida arat pln pts
bugs		: cpu_meltdown spectre_v1 spectre_v2 spec_store_bypass
bogomips	: 4988.23
clflush size	: 64
cache_alignment	: 64
address sizes	: 36 bits physical, 48 bits virtual
power management:

processor	: 1
vendor_id	: GenuineIntel
cpu family	: 6
model		: 58
model name	: Intel(R) Core(TM) i5-3210M CPU @ 2.50GHz
stepping	: 9
microcode	: 0x1f
cpu MHz		: 2499.902
cache size	: 3072 KB
physical id	: 0
siblings	: 4
core id		: 0
cpu cores	: 2
apicid		: 1
initial apicid	: 1
fpu		: yes
fpu_exception	: yes
cpuid level	: 13
wp		: yes
flags		: fpu vme de pse tsc msr pae mce cx8 apic sep mtrr pge mca cmov pat pse36 clflush dts acpi mmx fxsr sse sse2 ss ht tm pbe syscall nx rdtscp lm constant_tsc arch_perfmon pebs bts rep_good nopl xtopology nonstop_tsc aperfmperf eagerfpu pni pclmulqdq dtes64 monitor ds_cpl vmx est tm2 ssse3 cx16 xtpr pdcm pcid sse4_1 sse4_2 x2apic popcnt tsc_deadline_timer aes xsave avx f16c rdrand lahf_lm epb ibrs ibpb stibp kaiser tpr_shadow vnmi flexpriority ept vpid fsgsbase smep erms xsaveopt dtherm arat pln pts
bugs		: cpu_meltdown spectre_v1 spectre_v2 spec_store_bypass
bogomips	: 4988.23
clflush size	: 64
cache_alignment	: 64
address sizes	: 36 bits physical, 48 bits virtual
power management:

processor	: 2
vendor_id	: GenuineIntel
cpu family	: 6
model		: 58
model name	: Intel(R) Core(TM) i5-3210M CPU @ 2.50GHz
stepping	: 9
microcode	: 0x1f
cpu MHz		: 2499.902
cache size	: 3072 KB
physical id	: 0
siblings	: 4
core id		: 1
cpu cores	: 2
apicid		: 2
initial apicid	: 2
fpu		: yes
fpu_exception	: yes
cpuid level	: 13
wp		: yes
flags		: fpu vme de pse tsc msr pae mce cx8 apic sep mtrr pge mca cmov pat pse36 clflush dts acpi mmx fxsr sse sse2 ss ht tm pbe syscall nx rdtscp lm constant_tsc arch_perfmon pebs bts rep_good nopl xtopology nonstop_tsc aperfmperf eagerfpu pni pclmulqdq dtes64 monitor ds_cpl vmx est tm2 ssse3 cx16 xtpr pdcm pcid sse4_1 sse4_2 x2apic popcnt tsc_deadline_timer aes xsave avx f16c rdrand lahf_lm epb ibrs ibpb stibp kaiser tpr_shadow vnmi flexpriority ept vpid fsgsbase smep erms xsaveopt dtherm arat pln pts
bugs		: cpu_meltdown spectre_v1 spectre_v2 spec_store_bypass
bogomips	: 4988.23
clflush size	: 64
cache_alignment	: 64
address sizes	: 36 bits physical, 48 bits virtual
power management:

processor	: 3
vendor_id	: GenuineIntel
cpu family	: 6
model		: 58
model name	: Intel(R) Core(TM) i5-3210M CPU @ 2.50GHz
stepping	: 9
microcode	: 0x1f
cpu MHz		: 2500.000
cache size	: 3072 KB
physical id	: 0
siblings	: 4
core id		: 1
cpu cores	: 2
apicid		: 3
initial apicid	: 3
fpu		: yes
fpu_exception	: yes
cpuid level	: 13
wp		: yes
flags		: fpu vme de pse tsc msr pae mce cx8 apic sep mtrr pge mca cmov pat pse36 clflush dts acpi mmx fxsr sse sse2 ss ht tm pbe syscall nx rdtscp lm constant_tsc arch_perfmon pebs bts rep_good nopl xtopology nonstop_tsc aperfmperf eagerfpu pni pclmulqdq dtes64 monitor ds_cpl vmx est tm2 ssse3 cx16 xtpr pdcm pcid sse4_1 sse4_2 x2apic popcnt tsc_deadline_timer aes xsave avx f16c rdrand lahf_lm epb ibrs ibpb stibp kaiser tpr_shadow vnmi flexpriority ept vpid fsgsbase smep erms xsaveopt dtherm arat pln pts
bugs		: cpu_meltdown spectre_v1 spectre_v2 spec_store_bypass
bogomips	: 4988.23
clflush size	: 64
cache_alignment	: 64
address sizes	: 36 bits physical, 48 bits virtual
power management:



Memory: 4k page, physical 5997032k(3129576k free), swap 6178812k(6178812k free)

vm_info: Java HotSpot(TM) 64-Bit Server VM (25.171-b11) for linux-amd64 JRE (1.8.0_171-b11), built on Mar 28 2018 17:07:08 by "java_re" with gcc 4.3.0 20080428 (Red Hat 4.3.0-8)

time: Sat Jul 28 22:13:32 2018
elapsed time: 1611 seconds (0d 0h 26m 51s)

